2024-01-04 21:14:13,379 - root - INFO - hello, logger, start logs
2024-01-04 21:14:30,323 - root - INFO - Received username: 123
2024-01-04 21:14:30,323 - root - INFO - Received password: 123
2024-01-04 21:14:30,686 - root - INFO - split_message = ['input:你好']
2024-01-04 21:14:30,687 - root - INFO - split_message = ['input:怎么回事']
2024-01-04 21:21:43,240 - root - INFO - split_message = ['input:你好']
2024-01-04 21:21:43,240 - root - INFO - split_message = ['input:怎么回事']
2024-01-04 21:49:29,946 - root - INFO - Received username: 123
2024-01-04 21:49:29,946 - root - INFO - Received password: 123
2024-01-04 21:49:30,307 - root - INFO - split_message = ['input:你好']
2024-01-04 21:49:30,308 - root - INFO - split_message = ['input:怎么回事']
2024-01-04 21:50:18,154 - root - INFO - split_message = ['input:你好']
2024-01-04 21:50:18,155 - root - INFO - split_message = ['input:怎么回事']
2024-01-04 21:53:18,105 - root - INFO - split_message = ['input:你好']
2024-01-04 21:53:18,105 - root - INFO - split_message = ['input:怎么回事']
2024-01-04 21:53:19,562 - root - INFO - split_message = ['input:你好']
2024-01-04 21:53:19,563 - root - INFO - split_message = ['input:怎么回事']
2024-01-04 21:53:31,011 - root - INFO - split_message = ['input:你好']
2024-01-04 21:53:31,012 - root - INFO - split_message = ['input:怎么回事']
2024-01-04 21:56:25,132 - root - INFO - split_message = ['input:你好']
2024-01-04 21:56:25,132 - root - INFO - split_message = ['input:怎么回事']
