2023-05-21 15:50:25,637 - root - INFO - hello, logger, start logs
2023-05-21 15:50:26,882 - root - INFO - hello, logger, start logs
2023-05-21 15:50:26,884 - root - INFO - process_data_schedule 函数被调用，instant_reply = True
2023-05-21 15:51:42,889 - root - INFO - hello, logger, start logs
2023-05-21 15:51:44,019 - root - INFO - hello, logger, start logs
2023-05-21 15:51:44,022 - root - INFO - process_data_schedule 函数被调用，instant_reply = True
2023-05-21 15:52:20,199 - root - INFO - hello, logger, start logs
2023-05-21 15:52:21,334 - root - INFO - hello, logger, start logs
2023-05-21 15:52:21,337 - root - INFO - process_data_schedule 函数被调用，instant_reply = True
2023-05-21 15:52:26,349 - root - INFO - 第1次循环结束
2023-05-21 15:52:26,351 - root - INFO - 进程id: 17700
2023-05-21 15:52:31,357 - root - INFO - 第2次循环结束
2023-05-21 15:52:31,357 - root - INFO - 进程id: 17700
2023-05-21 15:52:36,372 - root - INFO - 第3次循环结束
2023-05-21 15:52:36,372 - root - INFO - 进程id: 17700
2023-05-21 15:52:41,386 - root - INFO - 第4次循环结束
2023-05-21 15:52:41,386 - root - INFO - 进程id: 17700
2023-05-21 15:52:46,402 - root - INFO - 第5次循环结束
2023-05-21 15:52:46,403 - root - INFO - 进程id: 17700
2023-05-21 15:52:51,414 - root - INFO - 第6次循环结束
2023-05-21 15:52:51,415 - root - INFO - 进程id: 17700
2023-05-21 15:52:56,431 - root - INFO - 第7次循环结束
2023-05-21 15:52:56,431 - root - INFO - 进程id: 17700
2023-05-21 15:53:01,449 - root - INFO - 第8次循环结束
2023-05-21 15:53:01,450 - root - INFO - 进程id: 17700
2023-05-21 15:53:06,464 - root - INFO - 第9次循环结束
2023-05-21 15:53:06,464 - root - INFO - 进程id: 17700
2023-05-21 15:53:11,473 - root - INFO - 第10次循环结束
2023-05-21 15:53:11,473 - root - INFO - 进程id: 17700
2023-05-21 15:53:16,480 - root - INFO - 第11次循环结束
2023-05-21 15:53:16,480 - root - INFO - 进程id: 17700
2023-05-21 15:53:21,487 - root - INFO - 第12次循环结束
2023-05-21 15:53:21,487 - root - INFO - 进程id: 17700
2023-05-21 15:53:26,497 - root - INFO - 第13次循环结束
2023-05-21 15:53:26,497 - root - INFO - 进程id: 17700
2023-05-21 15:53:31,502 - root - INFO - 第14次循环结束
2023-05-21 15:53:31,503 - root - INFO - 进程id: 17700
2023-05-21 15:53:36,519 - root - INFO - 第15次循环结束
2023-05-21 15:53:36,519 - root - INFO - 进程id: 17700
2023-05-21 15:53:41,520 - root - INFO - 第16次循环结束
2023-05-21 15:53:41,521 - root - INFO - 进程id: 17700
2023-05-21 15:53:46,528 - root - INFO - 第17次循环结束
2023-05-21 15:53:46,529 - root - INFO - 进程id: 17700
2023-05-21 15:53:51,534 - root - INFO - 第18次循环结束
2023-05-21 15:53:51,535 - root - INFO - 进程id: 17700
2023-05-21 15:53:56,544 - root - INFO - 第19次循环结束
2023-05-21 15:53:56,544 - root - INFO - 进程id: 17700
2023-05-21 15:54:01,558 - root - INFO - 第20次循环结束
2023-05-21 15:54:01,558 - root - INFO - 进程id: 17700
2023-05-21 15:54:06,565 - root - INFO - 第21次循环结束
2023-05-21 15:54:06,566 - root - INFO - 进程id: 17700
2023-05-21 15:54:11,576 - root - INFO - 第22次循环结束
2023-05-21 15:54:11,576 - root - INFO - 进程id: 17700
2023-05-21 15:54:16,590 - root - INFO - 第23次循环结束
2023-05-21 15:54:16,590 - root - INFO - 进程id: 17700
2023-05-21 15:54:21,603 - root - INFO - 第24次循环结束
2023-05-21 15:54:21,604 - root - INFO - 进程id: 17700
2023-05-21 15:54:26,612 - root - INFO - 第25次循环结束
2023-05-21 15:54:26,612 - root - INFO - 进程id: 17700
2023-05-21 15:54:31,615 - root - INFO - 第26次循环结束
2023-05-21 15:54:31,616 - root - INFO - 进程id: 17700
2023-05-21 15:54:36,624 - root - INFO - 第27次循环结束
2023-05-21 15:54:36,625 - root - INFO - 进程id: 17700
2023-05-21 15:54:41,637 - root - INFO - 第28次循环结束
2023-05-21 15:54:41,637 - root - INFO - 进程id: 17700
2023-05-21 15:54:46,646 - root - INFO - 第29次循环结束
2023-05-21 15:54:46,647 - root - INFO - 进程id: 17700
2023-05-21 15:54:51,660 - root - INFO - 第30次循环结束
2023-05-21 15:54:51,661 - root - INFO - 进程id: 17700
2023-05-21 15:54:56,675 - root - INFO - 第31次循环结束
2023-05-21 15:54:56,675 - root - INFO - 进程id: 17700
2023-05-21 15:55:01,691 - root - INFO - 第32次循环结束
2023-05-21 15:55:01,691 - root - INFO - 进程id: 17700
2023-05-21 15:55:06,693 - root - INFO - 第33次循环结束
2023-05-21 15:55:06,694 - root - INFO - 进程id: 17700
2023-05-21 15:55:11,708 - root - INFO - 第34次循环结束
2023-05-21 15:55:11,709 - root - INFO - 进程id: 17700
2023-05-21 15:55:16,722 - root - INFO - 第35次循环结束
2023-05-21 15:55:16,722 - root - INFO - 进程id: 17700
2023-05-21 15:55:21,738 - root - INFO - 第36次循环结束
2023-05-21 15:55:21,739 - root - INFO - 进程id: 17700
2023-05-21 15:55:26,745 - root - INFO - 第37次循环结束
2023-05-21 15:55:26,746 - root - INFO - 进程id: 17700
2023-05-21 15:55:31,748 - root - INFO - 第38次循环结束
2023-05-21 15:55:31,748 - root - INFO - 进程id: 17700
2023-05-21 15:55:36,752 - root - INFO - 第39次循环结束
2023-05-21 15:55:36,753 - root - INFO - 进程id: 17700
2023-05-21 15:55:41,764 - root - INFO - 第40次循环结束
2023-05-21 15:55:41,764 - root - INFO - 进程id: 17700
2023-05-21 15:55:46,765 - root - INFO - 第41次循环结束
2023-05-21 15:55:46,765 - root - INFO - 进程id: 17700
2023-05-21 15:55:51,778 - root - INFO - 第42次循环结束
2023-05-21 15:55:51,779 - root - INFO - 进程id: 17700
2023-05-21 15:55:56,782 - root - INFO - 第43次循环结束
2023-05-21 15:55:56,782 - root - INFO - 进程id: 17700
2023-05-21 15:56:01,784 - root - INFO - 第44次循环结束
2023-05-21 15:56:01,784 - root - INFO - 进程id: 17700
2023-05-21 15:56:06,789 - root - INFO - 第45次循环结束
2023-05-21 15:56:06,790 - root - INFO - 进程id: 17700
2023-05-21 15:56:11,802 - root - INFO - 第46次循环结束
2023-05-21 15:56:11,803 - root - INFO - 进程id: 17700
2023-05-21 15:56:16,811 - root - INFO - 第47次循环结束
2023-05-21 15:56:16,811 - root - INFO - 进程id: 17700
2023-05-21 15:56:21,813 - root - INFO - 第48次循环结束
2023-05-21 15:56:21,813 - root - INFO - 进程id: 17700
2023-05-21 15:56:26,823 - root - INFO - 第49次循环结束
2023-05-21 15:56:26,823 - root - INFO - 进程id: 17700
2023-05-21 15:56:31,833 - root - INFO - 第50次循环结束
2023-05-21 15:56:31,833 - root - INFO - 进程id: 17700
2023-05-21 15:56:36,840 - root - INFO - 第51次循环结束
2023-05-21 15:56:36,841 - root - INFO - 进程id: 17700
2023-05-21 15:56:41,855 - root - INFO - 第52次循环结束
2023-05-21 15:56:41,856 - root - INFO - 进程id: 17700
2023-05-21 15:56:46,867 - root - INFO - 第53次循环结束
2023-05-21 15:56:46,867 - root - INFO - 进程id: 17700
2023-05-21 15:56:51,878 - root - INFO - 第54次循环结束
2023-05-21 15:56:51,879 - root - INFO - 进程id: 17700
2023-05-21 15:56:56,881 - root - INFO - 第55次循环结束
2023-05-21 15:56:56,881 - root - INFO - 进程id: 17700
2023-05-21 15:57:01,893 - root - INFO - 第56次循环结束
2023-05-21 15:57:01,893 - root - INFO - 进程id: 17700
2023-05-21 15:57:06,909 - root - INFO - 第57次循环结束
2023-05-21 15:57:06,910 - root - INFO - 进程id: 17700
2023-05-21 15:57:11,917 - root - INFO - 第58次循环结束
2023-05-21 15:57:11,917 - root - INFO - 进程id: 17700
2023-05-21 15:57:16,933 - root - INFO - 第59次循环结束
2023-05-21 15:57:16,933 - root - INFO - 进程id: 17700
2023-05-21 15:57:21,945 - root - INFO - 第60次循环结束
2023-05-21 15:57:21,946 - root - INFO - 进程id: 17700
2023-05-21 15:57:21,946 - root - INFO - 退出 process_data_schedule 函数
2023-05-21 15:57:21,946 - root - INFO - process_data_schedule 函数被调用，instant_reply = True
2023-05-21 15:57:26,955 - root - INFO - 第1次循环结束
2023-05-21 15:57:26,955 - root - INFO - 进程id: 17700
2023-05-21 15:57:31,962 - root - INFO - 第2次循环结束
2023-05-21 15:57:31,962 - root - INFO - 进程id: 17700
2023-05-21 15:57:36,977 - root - INFO - 第3次循环结束
2023-05-21 15:57:36,978 - root - INFO - 进程id: 17700
2023-05-21 15:57:41,987 - root - INFO - 第4次循环结束
2023-05-21 15:57:41,987 - root - INFO - 进程id: 17700
2023-05-21 15:57:46,989 - root - INFO - 第5次循环结束
2023-05-21 15:57:46,990 - root - INFO - 进程id: 17700
2023-05-21 15:57:52,001 - root - INFO - 第6次循环结束
2023-05-21 15:57:52,002 - root - INFO - 进程id: 17700
2023-05-21 15:57:57,013 - root - INFO - 第7次循环结束
2023-05-21 15:57:57,015 - root - INFO - 进程id: 17700
2023-05-21 15:58:02,018 - root - INFO - 第8次循环结束
2023-05-21 15:58:02,019 - root - INFO - 进程id: 17700
2023-05-21 15:58:07,030 - root - INFO - 第9次循环结束
2023-05-21 15:58:07,031 - root - INFO - 进程id: 17700
2023-05-21 15:58:12,033 - root - INFO - 第10次循环结束
2023-05-21 15:58:12,033 - root - INFO - 进程id: 17700
2023-05-21 15:58:17,038 - root - INFO - 第11次循环结束
2023-05-21 15:58:17,038 - root - INFO - 进程id: 17700
2023-05-21 15:58:22,040 - root - INFO - 第12次循环结束
2023-05-21 15:58:22,040 - root - INFO - 进程id: 17700
2023-05-21 15:58:27,049 - root - INFO - 第13次循环结束
2023-05-21 15:58:27,049 - root - INFO - 进程id: 17700
2023-05-21 15:58:32,051 - root - INFO - 第14次循环结束
2023-05-21 15:58:32,051 - root - INFO - 进程id: 17700
2023-05-21 15:58:37,068 - root - INFO - 第15次循环结束
2023-05-21 15:58:37,069 - root - INFO - 进程id: 17700
2023-05-21 15:58:42,085 - root - INFO - 第16次循环结束
2023-05-21 15:58:42,085 - root - INFO - 进程id: 17700
2023-05-21 15:58:47,097 - root - INFO - 第17次循环结束
2023-05-21 15:58:47,098 - root - INFO - 进程id: 17700
2023-05-21 15:58:52,106 - root - INFO - 第18次循环结束
2023-05-21 15:58:52,107 - root - INFO - 进程id: 17700
2023-05-21 15:58:57,122 - root - INFO - 第19次循环结束
2023-05-21 15:58:57,122 - root - INFO - 进程id: 17700
2023-05-21 15:59:02,128 - root - INFO - 第20次循环结束
2023-05-21 15:59:02,128 - root - INFO - 进程id: 17700
2023-05-21 15:59:07,145 - root - INFO - 第21次循环结束
2023-05-21 15:59:07,145 - root - INFO - 进程id: 17700
2023-05-21 15:59:12,161 - root - INFO - 第22次循环结束
2023-05-21 15:59:12,161 - root - INFO - 进程id: 17700
2023-05-21 15:59:17,173 - root - INFO - 第23次循环结束
2023-05-21 15:59:17,173 - root - INFO - 进程id: 17700
2023-05-21 15:59:22,181 - root - INFO - 第24次循环结束
2023-05-21 15:59:22,181 - root - INFO - 进程id: 17700
2023-05-21 15:59:27,187 - root - INFO - 第25次循环结束
2023-05-21 15:59:27,187 - root - INFO - 进程id: 17700
2023-05-21 15:59:32,203 - root - INFO - 第26次循环结束
2023-05-21 15:59:32,203 - root - INFO - 进程id: 17700
2023-05-21 15:59:37,209 - root - INFO - 第27次循环结束
2023-05-21 15:59:37,210 - root - INFO - 进程id: 17700
2023-05-21 15:59:42,214 - root - INFO - 第28次循环结束
2023-05-21 15:59:42,214 - root - INFO - 进程id: 17700
2023-05-21 15:59:47,220 - root - INFO - 第29次循环结束
2023-05-21 15:59:47,222 - root - INFO - 进程id: 17700
2023-05-21 15:59:52,230 - root - INFO - 第30次循环结束
2023-05-21 15:59:52,230 - root - INFO - 进程id: 17700
2023-05-21 15:59:57,236 - root - INFO - 第31次循环结束
2023-05-21 15:59:57,236 - root - INFO - 进程id: 17700
2023-05-21 16:00:02,237 - root - INFO - 第32次循环结束
2023-05-21 16:00:02,238 - root - INFO - 进程id: 17700
2023-05-21 16:00:07,249 - root - INFO - 第33次循环结束
2023-05-21 16:00:07,249 - root - INFO - 进程id: 17700
2023-05-21 16:00:12,251 - root - INFO - 第34次循环结束
2023-05-21 16:00:12,251 - root - INFO - 进程id: 17700
2023-05-21 16:00:17,261 - root - INFO - 第35次循环结束
2023-05-21 16:00:17,261 - root - INFO - 进程id: 17700
2023-05-21 16:00:22,277 - root - INFO - 第36次循环结束
2023-05-21 16:00:22,277 - root - INFO - 进程id: 17700
2023-05-21 16:00:27,294 - root - INFO - 第37次循环结束
2023-05-21 16:00:27,294 - root - INFO - 进程id: 17700
2023-05-21 16:00:32,301 - root - INFO - 第38次循环结束
2023-05-21 16:00:32,301 - root - INFO - 进程id: 17700
2023-05-21 16:00:37,316 - root - INFO - 第39次循环结束
2023-05-21 16:00:37,316 - root - INFO - 进程id: 17700
2023-05-21 16:00:42,323 - root - INFO - 第40次循环结束
2023-05-21 16:00:42,323 - root - INFO - 进程id: 17700
2023-05-21 16:00:47,335 - root - INFO - 第41次循环结束
2023-05-21 16:00:47,335 - root - INFO - 进程id: 17700
2023-05-21 16:00:52,349 - root - INFO - 第42次循环结束
2023-05-21 16:00:52,349 - root - INFO - 进程id: 17700
2023-05-21 16:00:57,356 - root - INFO - 第43次循环结束
2023-05-21 16:00:57,356 - root - INFO - 进程id: 17700
2023-05-21 16:01:02,367 - root - INFO - 第44次循环结束
2023-05-21 16:01:02,368 - root - INFO - 进程id: 17700
2023-05-21 16:01:07,381 - root - INFO - 第45次循环结束
2023-05-21 16:01:07,382 - root - INFO - 进程id: 17700
2023-05-21 16:01:12,397 - root - INFO - 第46次循环结束
2023-05-21 16:01:12,397 - root - INFO - 进程id: 17700
2023-05-21 16:01:17,411 - root - INFO - 第47次循环结束
2023-05-21 16:01:17,412 - root - INFO - 进程id: 17700
2023-05-21 16:01:22,417 - root - INFO - 第48次循环结束
2023-05-21 16:01:22,417 - root - INFO - 进程id: 17700
2023-05-21 16:01:27,426 - root - INFO - 第49次循环结束
2023-05-21 16:01:27,426 - root - INFO - 进程id: 17700
2023-05-21 16:01:32,434 - root - INFO - 第50次循环结束
2023-05-21 16:01:32,434 - root - INFO - 进程id: 17700
2023-05-21 16:01:37,446 - root - INFO - 第51次循环结束
2023-05-21 16:01:37,447 - root - INFO - 进程id: 17700
2023-05-21 16:01:42,463 - root - INFO - 第52次循环结束
2023-05-21 16:01:42,463 - root - INFO - 进程id: 17700
2023-05-21 16:01:47,476 - root - INFO - 第53次循环结束
2023-05-21 16:01:47,476 - root - INFO - 进程id: 17700
2023-05-21 16:01:52,488 - root - INFO - 第54次循环结束
2023-05-21 16:01:52,489 - root - INFO - 进程id: 17700
2023-05-21 16:01:57,500 - root - INFO - 第55次循环结束
2023-05-21 16:01:57,502 - root - INFO - 进程id: 17700
2023-05-21 16:02:02,513 - root - INFO - 第56次循环结束
2023-05-21 16:02:02,514 - root - INFO - 进程id: 17700
2023-05-21 16:02:07,521 - root - INFO - 第57次循环结束
2023-05-21 16:02:07,521 - root - INFO - 进程id: 17700
2023-05-21 16:02:12,527 - root - INFO - 第58次循环结束
2023-05-21 16:02:12,527 - root - INFO - 进程id: 17700
2023-05-21 16:02:17,536 - root - INFO - 第59次循环结束
2023-05-21 16:02:17,536 - root - INFO - 进程id: 17700
2023-05-21 16:02:22,541 - root - INFO - 第60次循环结束
2023-05-21 16:02:22,542 - root - INFO - 进程id: 17700
2023-05-21 16:02:22,542 - root - INFO - 退出 process_data_schedule 函数
2023-05-21 16:02:22,542 - root - INFO - process_data_schedule 函数被调用，instant_reply = True
2023-05-21 16:02:27,544 - root - INFO - 第1次循环结束
2023-05-21 16:02:27,544 - root - INFO - 进程id: 17700
2023-05-21 16:02:32,552 - root - INFO - 第2次循环结束
2023-05-21 16:02:32,553 - root - INFO - 进程id: 17700
2023-05-21 16:02:37,566 - root - INFO - 第3次循环结束
2023-05-21 16:02:37,567 - root - INFO - 进程id: 17700
2023-05-21 16:02:42,569 - root - INFO - 第4次循环结束
2023-05-21 16:02:42,569 - root - INFO - 进程id: 17700
2023-05-21 16:02:47,581 - root - INFO - 第5次循环结束
2023-05-21 16:02:47,581 - root - INFO - 进程id: 17700
2023-05-21 16:02:52,587 - root - INFO - 第6次循环结束
2023-05-21 16:02:52,588 - root - INFO - 进程id: 17700
2023-05-21 16:02:57,600 - root - INFO - 第7次循环结束
2023-05-21 16:02:57,600 - root - INFO - 进程id: 17700
2023-05-21 16:03:02,609 - root - INFO - 第8次循环结束
2023-05-21 16:03:02,609 - root - INFO - 进程id: 17700
2023-05-21 16:03:07,614 - root - INFO - 第9次循环结束
2023-05-21 16:03:07,615 - root - INFO - 进程id: 17700
2023-05-21 16:03:12,621 - root - INFO - 第10次循环结束
2023-05-21 16:03:12,622 - root - INFO - 进程id: 17700
2023-05-21 16:03:17,628 - root - INFO - 第11次循环结束
2023-05-21 16:03:17,629 - root - INFO - 进程id: 17700
2023-05-21 16:03:22,636 - root - INFO - 第12次循环结束
2023-05-21 16:03:22,637 - root - INFO - 进程id: 17700
2023-05-21 16:03:27,649 - root - INFO - 第13次循环结束
2023-05-21 16:03:27,649 - root - INFO - 进程id: 17700
2023-05-21 16:03:32,655 - root - INFO - 第14次循环结束
2023-05-21 16:03:32,656 - root - INFO - 进程id: 17700
2023-05-21 16:03:37,660 - root - INFO - 第15次循环结束
2023-05-21 16:03:37,661 - root - INFO - 进程id: 17700
2023-05-21 16:03:42,664 - root - INFO - 第16次循环结束
2023-05-21 16:03:42,665 - root - INFO - 进程id: 17700
2023-05-21 16:03:47,675 - root - INFO - 第17次循环结束
2023-05-21 16:03:47,675 - root - INFO - 进程id: 17700
2023-05-21 16:03:52,683 - root - INFO - 第18次循环结束
2023-05-21 16:03:52,684 - root - INFO - 进程id: 17700
2023-05-21 16:03:57,698 - root - INFO - 第19次循环结束
2023-05-21 16:03:57,699 - root - INFO - 进程id: 17700
2023-05-21 16:04:02,717 - root - INFO - 第20次循环结束
2023-05-21 16:04:02,717 - root - INFO - 进程id: 17700
2023-05-21 16:04:07,723 - root - INFO - 第21次循环结束
2023-05-21 16:04:07,724 - root - INFO - 进程id: 17700
2023-05-21 16:04:12,737 - root - INFO - 第22次循环结束
2023-05-21 16:04:12,737 - root - INFO - 进程id: 17700
2023-05-21 16:04:17,744 - root - INFO - 第23次循环结束
2023-05-21 16:04:17,744 - root - INFO - 进程id: 17700
2023-05-21 16:04:22,750 - root - INFO - 第24次循环结束
2023-05-21 16:04:22,752 - root - INFO - 进程id: 17700
2023-05-21 16:04:27,758 - root - INFO - 第25次循环结束
2023-05-21 16:04:27,758 - root - INFO - 进程id: 17700
2023-05-21 16:04:32,774 - root - INFO - 第26次循环结束
2023-05-21 16:04:32,774 - root - INFO - 进程id: 17700
2023-05-21 16:04:37,788 - root - INFO - 第27次循环结束
2023-05-21 16:04:37,789 - root - INFO - 进程id: 17700
2023-05-21 16:04:42,799 - root - INFO - 第28次循环结束
2023-05-21 16:04:42,799 - root - INFO - 进程id: 17700
2023-05-21 16:04:47,812 - root - INFO - 第29次循环结束
2023-05-21 16:04:47,812 - root - INFO - 进程id: 17700
2023-05-21 16:04:52,827 - root - INFO - 第30次循环结束
2023-05-21 16:04:52,828 - root - INFO - 进程id: 17700
2023-05-21 16:04:57,837 - root - INFO - 第31次循环结束
2023-05-21 16:04:57,838 - root - INFO - 进程id: 17700
2023-05-21 16:05:02,846 - root - INFO - 第32次循环结束
2023-05-21 16:05:02,847 - root - INFO - 进程id: 17700
2023-05-21 16:05:07,851 - root - INFO - 第33次循环结束
2023-05-21 16:05:07,851 - root - INFO - 进程id: 17700
2023-05-21 16:05:12,867 - root - INFO - 第34次循环结束
2023-05-21 16:05:12,868 - root - INFO - 进程id: 17700
2023-05-21 16:05:17,880 - root - INFO - 第35次循环结束
2023-05-21 16:05:17,880 - root - INFO - 进程id: 17700
2023-05-21 16:05:22,896 - root - INFO - 第36次循环结束
2023-05-21 16:05:22,897 - root - INFO - 进程id: 17700
2023-05-21 16:05:27,902 - root - INFO - 第37次循环结束
2023-05-21 16:05:27,902 - root - INFO - 进程id: 17700
2023-05-21 16:05:32,915 - root - INFO - 第38次循环结束
2023-05-21 16:05:32,915 - root - INFO - 进程id: 17700
2023-05-21 16:05:37,919 - root - INFO - 第39次循环结束
2023-05-21 16:05:37,919 - root - INFO - 进程id: 17700
2023-05-21 16:05:42,933 - root - INFO - 第40次循环结束
2023-05-21 16:05:42,933 - root - INFO - 进程id: 17700
2023-05-21 16:05:47,947 - root - INFO - 第41次循环结束
2023-05-21 16:05:47,947 - root - INFO - 进程id: 17700
2023-05-21 16:05:52,948 - root - INFO - 第42次循环结束
2023-05-21 16:05:52,949 - root - INFO - 进程id: 17700
2023-05-21 16:05:57,966 - root - INFO - 第43次循环结束
2023-05-21 16:05:57,966 - root - INFO - 进程id: 17700
2023-05-21 16:06:02,968 - root - INFO - 第44次循环结束
2023-05-21 16:06:02,968 - root - INFO - 进程id: 17700
2023-05-21 16:06:07,974 - root - INFO - 第45次循环结束
2023-05-21 16:06:07,974 - root - INFO - 进程id: 17700
2023-05-21 16:06:12,978 - root - INFO - 第46次循环结束
2023-05-21 16:06:12,979 - root - INFO - 进程id: 17700
2023-05-21 16:06:17,981 - root - INFO - 第47次循环结束
2023-05-21 16:06:17,982 - root - INFO - 进程id: 17700
2023-05-21 16:06:22,990 - root - INFO - 第48次循环结束
2023-05-21 16:06:22,991 - root - INFO - 进程id: 17700
2023-05-21 16:06:28,008 - root - INFO - 第49次循环结束
2023-05-21 16:06:28,008 - root - INFO - 进程id: 17700
2023-05-21 16:06:33,011 - root - INFO - 第50次循环结束
2023-05-21 16:06:33,012 - root - INFO - 进程id: 17700
2023-05-21 16:06:38,027 - root - INFO - 第51次循环结束
2023-05-21 16:06:38,027 - root - INFO - 进程id: 17700
2023-05-21 16:06:43,031 - root - INFO - 第52次循环结束
2023-05-21 16:06:43,031 - root - INFO - 进程id: 17700
2023-05-21 16:06:48,040 - root - INFO - 第53次循环结束
2023-05-21 16:06:48,040 - root - INFO - 进程id: 17700
2023-05-21 16:06:53,053 - root - INFO - 第54次循环结束
2023-05-21 16:06:53,053 - root - INFO - 进程id: 17700
2023-05-21 16:06:58,060 - root - INFO - 第55次循环结束
2023-05-21 16:06:58,061 - root - INFO - 进程id: 17700
2023-05-21 16:07:03,063 - root - INFO - 第56次循环结束
2023-05-21 16:07:03,064 - root - INFO - 进程id: 17700
2023-05-21 16:07:08,080 - root - INFO - 第57次循环结束
2023-05-21 16:07:08,081 - root - INFO - 进程id: 17700
2023-05-21 16:07:13,093 - root - INFO - 第58次循环结束
2023-05-21 16:07:13,093 - root - INFO - 进程id: 17700
2023-05-21 16:07:18,098 - root - INFO - 第59次循环结束
2023-05-21 16:07:18,099 - root - INFO - 进程id: 17700
2023-05-21 16:07:23,103 - root - INFO - 第60次循环结束
2023-05-21 16:07:23,104 - root - INFO - 进程id: 17700
2023-05-21 16:07:23,104 - root - INFO - 退出 process_data_schedule 函数
2023-05-21 16:07:23,105 - root - INFO - process_data_schedule 函数被调用，instant_reply = True
2023-05-21 16:07:28,121 - root - INFO - 第1次循环结束
2023-05-21 16:07:28,121 - root - INFO - 进程id: 17700
2023-05-21 16:07:33,128 - root - INFO - 第2次循环结束
2023-05-21 16:07:33,128 - root - INFO - 进程id: 17700
2023-05-21 16:07:38,135 - root - INFO - 第3次循环结束
2023-05-21 16:07:38,135 - root - INFO - 进程id: 17700
2023-05-21 16:07:43,149 - root - INFO - 第4次循环结束
2023-05-21 16:07:43,151 - root - INFO - 进程id: 17700
2023-05-21 16:07:48,159 - root - INFO - 第5次循环结束
2023-05-21 16:07:48,159 - root - INFO - 进程id: 17700
2023-05-21 16:07:53,166 - root - INFO - 第6次循环结束
2023-05-21 16:07:53,167 - root - INFO - 进程id: 17700
2023-05-21 16:07:58,172 - root - INFO - 第7次循环结束
2023-05-21 16:07:58,173 - root - INFO - 进程id: 17700
2023-05-21 16:08:03,181 - root - INFO - 第8次循环结束
2023-05-21 16:08:03,182 - root - INFO - 进程id: 17700
2023-05-21 16:08:08,193 - root - INFO - 第9次循环结束
2023-05-21 16:08:08,194 - root - INFO - 进程id: 17700
2023-05-21 16:08:13,210 - root - INFO - 第10次循环结束
2023-05-21 16:08:13,211 - root - INFO - 进程id: 17700
2023-05-21 16:08:18,213 - root - INFO - 第11次循环结束
2023-05-21 16:08:18,214 - root - INFO - 进程id: 17700
2023-05-21 16:08:23,219 - root - INFO - 第12次循环结束
2023-05-21 16:08:23,219 - root - INFO - 进程id: 17700
2023-05-21 16:08:28,235 - root - INFO - 第13次循环结束
2023-05-21 16:08:28,235 - root - INFO - 进程id: 17700
2023-05-21 16:08:33,238 - root - INFO - 第14次循环结束
2023-05-21 16:08:33,239 - root - INFO - 进程id: 17700
2023-05-21 16:08:38,248 - root - INFO - 第15次循环结束
2023-05-21 16:08:38,248 - root - INFO - 进程id: 17700
2023-05-21 16:08:43,257 - root - INFO - 第16次循环结束
2023-05-21 16:08:43,257 - root - INFO - 进程id: 17700
2023-05-21 16:08:48,260 - root - INFO - 第17次循环结束
2023-05-21 16:08:48,260 - root - INFO - 进程id: 17700
2023-05-21 16:08:53,263 - root - INFO - 第18次循环结束
2023-05-21 16:08:53,264 - root - INFO - 进程id: 17700
2023-05-21 16:08:58,267 - root - INFO - 第19次循环结束
2023-05-21 16:08:58,267 - root - INFO - 进程id: 17700
2023-05-21 16:09:03,271 - root - INFO - 第20次循环结束
2023-05-21 16:09:03,272 - root - INFO - 进程id: 17700
2023-05-21 16:09:08,283 - root - INFO - 第21次循环结束
2023-05-21 16:09:08,283 - root - INFO - 进程id: 17700
2023-05-21 16:09:13,294 - root - INFO - 第22次循环结束
2023-05-21 16:09:13,295 - root - INFO - 进程id: 17700
2023-05-21 16:09:18,309 - root - INFO - 第23次循环结束
2023-05-21 16:09:18,310 - root - INFO - 进程id: 17700
2023-05-21 16:09:23,313 - root - INFO - 第24次循环结束
2023-05-21 16:09:23,314 - root - INFO - 进程id: 17700
2023-05-21 16:09:28,322 - root - INFO - 第25次循环结束
2023-05-21 16:09:28,322 - root - INFO - 进程id: 17700
2023-05-21 16:09:33,326 - root - INFO - 第26次循环结束
2023-05-21 16:09:33,326 - root - INFO - 进程id: 17700
2023-05-21 16:09:38,340 - root - INFO - 第27次循环结束
2023-05-21 16:09:38,340 - root - INFO - 进程id: 17700
2023-05-21 16:09:43,347 - root - INFO - 第28次循环结束
2023-05-21 16:09:43,348 - root - INFO - 进程id: 17700
2023-05-21 16:09:48,365 - root - INFO - 第29次循环结束
2023-05-21 16:09:48,365 - root - INFO - 进程id: 17700
2023-05-21 16:09:53,376 - root - INFO - 第30次循环结束
2023-05-21 16:09:53,376 - root - INFO - 进程id: 17700
2023-05-21 16:09:58,382 - root - INFO - 第31次循环结束
2023-05-21 16:09:58,383 - root - INFO - 进程id: 17700
2023-05-21 16:10:03,392 - root - INFO - 第32次循环结束
2023-05-21 16:10:03,394 - root - INFO - 进程id: 17700
2023-05-21 16:10:08,396 - root - INFO - 第33次循环结束
2023-05-21 16:10:08,396 - root - INFO - 进程id: 17700
2023-05-21 16:10:13,397 - root - INFO - 第34次循环结束
2023-05-21 16:10:13,397 - root - INFO - 进程id: 17700
2023-05-21 16:10:18,414 - root - INFO - 第35次循环结束
2023-05-21 16:10:18,415 - root - INFO - 进程id: 17700
2023-05-21 16:10:23,424 - root - INFO - 第36次循环结束
2023-05-21 16:10:23,424 - root - INFO - 进程id: 17700
2023-05-21 16:10:28,426 - root - INFO - 第37次循环结束
2023-05-21 16:10:28,426 - root - INFO - 进程id: 17700
2023-05-21 16:10:33,428 - root - INFO - 第38次循环结束
2023-05-21 16:10:33,428 - root - INFO - 进程id: 17700
2023-05-21 16:10:38,436 - root - INFO - 第39次循环结束
2023-05-21 16:10:38,436 - root - INFO - 进程id: 17700
2023-05-21 16:10:43,444 - root - INFO - 第40次循环结束
2023-05-21 16:10:43,446 - root - INFO - 进程id: 17700
2023-05-21 16:10:48,456 - root - INFO - 第41次循环结束
2023-05-21 16:10:48,456 - root - INFO - 进程id: 17700
2023-05-21 16:10:53,466 - root - INFO - 第42次循环结束
2023-05-21 16:10:53,467 - root - INFO - 进程id: 17700
2023-05-21 16:10:58,470 - root - INFO - 第43次循环结束
2023-05-21 16:10:58,471 - root - INFO - 进程id: 17700
2023-05-21 16:11:03,486 - root - INFO - 第44次循环结束
2023-05-21 16:11:03,487 - root - INFO - 进程id: 17700
2023-05-21 16:11:08,504 - root - INFO - 第45次循环结束
2023-05-21 16:11:08,504 - root - INFO - 进程id: 17700
2023-05-21 16:11:13,504 - root - INFO - 第46次循环结束
2023-05-21 16:11:13,505 - root - INFO - 进程id: 17700
2023-05-21 16:11:18,521 - root - INFO - 第47次循环结束
2023-05-21 16:11:18,522 - root - INFO - 进程id: 17700
2023-05-21 16:11:23,538 - root - INFO - 第48次循环结束
2023-05-21 16:11:23,538 - root - INFO - 进程id: 17700
2023-05-21 16:11:28,549 - root - INFO - 第49次循环结束
2023-05-21 16:11:28,549 - root - INFO - 进程id: 17700
2023-05-21 16:11:33,565 - root - INFO - 第50次循环结束
2023-05-21 16:11:33,565 - root - INFO - 进程id: 17700
2023-05-21 16:11:38,578 - root - INFO - 第51次循环结束
2023-05-21 16:11:38,578 - root - INFO - 进程id: 17700
2023-05-21 16:11:43,586 - root - INFO - 第52次循环结束
2023-05-21 16:11:43,587 - root - INFO - 进程id: 17700
2023-05-21 16:11:48,598 - root - INFO - 第53次循环结束
2023-05-21 16:11:48,598 - root - INFO - 进程id: 17700
2023-05-21 16:11:53,612 - root - INFO - 第54次循环结束
2023-05-21 16:11:53,613 - root - INFO - 进程id: 17700
2023-05-21 16:11:58,623 - root - INFO - 第55次循环结束
2023-05-21 16:11:58,623 - root - INFO - 进程id: 17700
2023-05-21 16:12:03,636 - root - INFO - 第56次循环结束
2023-05-21 16:12:03,636 - root - INFO - 进程id: 17700
2023-05-21 16:12:08,644 - root - INFO - 第57次循环结束
2023-05-21 16:12:08,645 - root - INFO - 进程id: 17700
2023-05-21 16:12:13,649 - root - INFO - 第58次循环结束
2023-05-21 16:12:13,649 - root - INFO - 进程id: 17700
2023-05-21 16:12:18,652 - root - INFO - 第59次循环结束
2023-05-21 16:12:18,652 - root - INFO - 进程id: 17700
2023-05-21 16:12:23,664 - root - INFO - 第60次循环结束
2023-05-21 16:12:23,664 - root - INFO - 进程id: 17700
2023-05-21 16:12:23,665 - root - INFO - 退出 process_data_schedule 函数
2023-05-21 16:12:23,665 - root - INFO - process_data_schedule 函数被调用，instant_reply = True
2023-05-21 16:12:28,679 - root - INFO - 第1次循环结束
2023-05-21 16:12:28,679 - root - INFO - 进程id: 17700
2023-05-21 16:12:33,693 - root - INFO - 第2次循环结束
2023-05-21 16:12:33,693 - root - INFO - 进程id: 17700
2023-05-21 16:12:38,709 - root - INFO - 第3次循环结束
2023-05-21 16:12:38,709 - root - INFO - 进程id: 17700
2023-05-21 16:12:43,714 - root - INFO - 第4次循环结束
2023-05-21 16:12:43,715 - root - INFO - 进程id: 17700
2023-05-21 16:12:48,727 - root - INFO - 第5次循环结束
2023-05-21 16:12:48,727 - root - INFO - 进程id: 17700
2023-05-21 16:12:53,733 - root - INFO - 第6次循环结束
2023-05-21 16:12:53,733 - root - INFO - 进程id: 17700
2023-05-21 16:12:58,740 - root - INFO - 第7次循环结束
2023-05-21 16:12:58,741 - root - INFO - 进程id: 17700
2023-05-21 16:13:03,748 - root - INFO - 第8次循环结束
2023-05-21 16:13:03,748 - root - INFO - 进程id: 17700
2023-05-21 16:13:08,751 - root - INFO - 第9次循环结束
2023-05-21 16:13:08,751 - root - INFO - 进程id: 17700
2023-05-21 16:13:13,760 - root - INFO - 第10次循环结束
2023-05-21 16:13:13,761 - root - INFO - 进程id: 17700
2023-05-21 16:13:18,766 - root - INFO - 第11次循环结束
2023-05-21 16:13:18,767 - root - INFO - 进程id: 17700
2023-05-21 16:13:23,780 - root - INFO - 第12次循环结束
2023-05-21 16:13:23,781 - root - INFO - 进程id: 17700
2023-05-21 16:13:28,790 - root - INFO - 第13次循环结束
2023-05-21 16:13:28,791 - root - INFO - 进程id: 17700
2023-05-21 16:13:33,803 - root - INFO - 第14次循环结束
2023-05-21 16:13:33,803 - root - INFO - 进程id: 17700
2023-05-21 16:13:38,814 - root - INFO - 第15次循环结束
2023-05-21 16:13:38,815 - root - INFO - 进程id: 17700
2023-05-21 16:13:43,830 - root - INFO - 第16次循环结束
2023-05-21 16:13:43,830 - root - INFO - 进程id: 17700
2023-05-21 16:13:48,838 - root - INFO - 第17次循环结束
2023-05-21 16:13:48,838 - root - INFO - 进程id: 17700
2023-05-21 16:13:53,841 - root - INFO - 第18次循环结束
2023-05-21 16:13:53,842 - root - INFO - 进程id: 17700
2023-05-21 16:13:58,853 - root - INFO - 第19次循环结束
2023-05-21 16:13:58,853 - root - INFO - 进程id: 17700
2023-05-21 16:14:03,866 - root - INFO - 第20次循环结束
2023-05-21 16:14:03,866 - root - INFO - 进程id: 17700
2023-05-21 16:14:08,882 - root - INFO - 第21次循环结束
2023-05-21 16:14:08,883 - root - INFO - 进程id: 17700
2023-05-21 16:14:13,896 - root - INFO - 第22次循环结束
2023-05-21 16:14:13,897 - root - INFO - 进程id: 17700
2023-05-21 16:14:18,915 - root - INFO - 第23次循环结束
2023-05-21 16:14:18,915 - root - INFO - 进程id: 17700
2023-05-21 16:14:23,917 - root - INFO - 第24次循环结束
2023-05-21 16:14:23,917 - root - INFO - 进程id: 17700
2023-05-21 16:14:28,923 - root - INFO - 第25次循环结束
2023-05-21 16:14:28,923 - root - INFO - 进程id: 17700
2023-05-21 16:14:33,931 - root - INFO - 第26次循环结束
2023-05-21 16:14:33,931 - root - INFO - 进程id: 17700
2023-05-21 16:14:38,940 - root - INFO - 第27次循环结束
2023-05-21 16:14:38,940 - root - INFO - 进程id: 17700
2023-05-21 16:14:43,954 - root - INFO - 第28次循环结束
2023-05-21 16:14:43,954 - root - INFO - 进程id: 17700
2023-05-21 16:14:48,968 - root - INFO - 第29次循环结束
2023-05-21 16:14:48,969 - root - INFO - 进程id: 17700
2023-05-21 16:14:53,975 - root - INFO - 第30次循环结束
2023-05-21 16:14:53,975 - root - INFO - 进程id: 17700
2023-05-21 16:14:58,992 - root - INFO - 第31次循环结束
2023-05-21 16:14:58,993 - root - INFO - 进程id: 17700
2023-05-21 16:15:03,999 - root - INFO - 第32次循环结束
2023-05-21 16:15:04,000 - root - INFO - 进程id: 17700
2023-05-21 16:15:09,014 - root - INFO - 第33次循环结束
2023-05-21 16:15:09,015 - root - INFO - 进程id: 17700
2023-05-21 16:15:14,023 - root - INFO - 第34次循环结束
2023-05-21 16:15:14,024 - root - INFO - 进程id: 17700
2023-05-21 16:15:19,040 - root - INFO - 第35次循环结束
2023-05-21 16:15:19,040 - root - INFO - 进程id: 17700
2023-05-21 16:15:24,050 - root - INFO - 第36次循环结束
2023-05-21 16:15:24,050 - root - INFO - 进程id: 17700
2023-05-21 16:15:29,063 - root - INFO - 第37次循环结束
2023-05-21 16:15:29,063 - root - INFO - 进程id: 17700
2023-05-21 16:15:34,078 - root - INFO - 第38次循环结束
2023-05-21 16:15:34,078 - root - INFO - 进程id: 17700
2023-05-21 16:15:39,084 - root - INFO - 第39次循环结束
2023-05-21 16:15:39,085 - root - INFO - 进程id: 17700
2023-05-21 16:15:44,095 - root - INFO - 第40次循环结束
2023-05-21 16:15:44,095 - root - INFO - 进程id: 17700
2023-05-21 16:15:49,107 - root - INFO - 第41次循环结束
2023-05-21 16:15:49,108 - root - INFO - 进程id: 17700
2023-05-21 16:15:54,120 - root - INFO - 第42次循环结束
2023-05-21 16:15:54,121 - root - INFO - 进程id: 17700
2023-05-21 16:15:59,132 - root - INFO - 第43次循环结束
2023-05-21 16:15:59,133 - root - INFO - 进程id: 17700
2023-05-21 16:16:04,138 - root - INFO - 第44次循环结束
2023-05-21 16:16:04,140 - root - INFO - 进程id: 17700
2023-05-21 16:16:09,143 - root - INFO - 第45次循环结束
2023-05-21 16:16:09,144 - root - INFO - 进程id: 17700
2023-05-21 16:16:14,149 - root - INFO - 第46次循环结束
2023-05-21 16:16:14,150 - root - INFO - 进程id: 17700
2023-05-21 16:16:19,165 - root - INFO - 第47次循环结束
2023-05-21 16:16:19,166 - root - INFO - 进程id: 17700
2023-05-21 16:16:24,183 - root - INFO - 第48次循环结束
2023-05-21 16:16:24,184 - root - INFO - 进程id: 17700
2023-05-21 16:16:29,187 - root - INFO - 第49次循环结束
2023-05-21 16:16:29,188 - root - INFO - 进程id: 17700
2023-05-21 16:16:34,198 - root - INFO - 第50次循环结束
2023-05-21 16:16:34,199 - root - INFO - 进程id: 17700
2023-05-21 16:16:39,201 - root - INFO - 第51次循环结束
2023-05-21 16:16:39,202 - root - INFO - 进程id: 17700
2023-05-21 16:16:44,207 - root - INFO - 第52次循环结束
2023-05-21 16:16:44,207 - root - INFO - 进程id: 17700
2023-05-21 16:16:49,209 - root - INFO - 第53次循环结束
2023-05-21 16:16:49,211 - root - INFO - 进程id: 17700
2023-05-21 16:16:54,227 - root - INFO - 第54次循环结束
2023-05-21 16:16:54,228 - root - INFO - 进程id: 17700
2023-05-21 16:16:59,238 - root - INFO - 第55次循环结束
2023-05-21 16:16:59,238 - root - INFO - 进程id: 17700
2023-05-21 16:17:04,240 - root - INFO - 第56次循环结束
2023-05-21 16:17:04,241 - root - INFO - 进程id: 17700
2023-05-21 16:17:09,253 - root - INFO - 第57次循环结束
2023-05-21 16:17:09,253 - root - INFO - 进程id: 17700
2023-05-21 16:17:14,263 - root - INFO - 第58次循环结束
2023-05-21 16:17:14,263 - root - INFO - 进程id: 17700
2023-05-21 16:17:19,271 - root - INFO - 第59次循环结束
2023-05-21 16:17:19,271 - root - INFO - 进程id: 17700
2023-05-21 16:17:24,277 - root - INFO - 第60次循环结束
2023-05-21 16:17:24,278 - root - INFO - 进程id: 17700
2023-05-21 16:17:24,279 - root - INFO - 退出 process_data_schedule 函数
2023-05-21 16:17:24,279 - root - INFO - process_data_schedule 函数被调用，instant_reply = True
2023-05-21 16:17:29,292 - root - INFO - 第1次循环结束
2023-05-21 16:17:29,292 - root - INFO - 进程id: 17700
2023-05-21 16:17:34,299 - root - INFO - 第2次循环结束
2023-05-21 16:17:34,300 - root - INFO - 进程id: 17700
2023-05-21 16:17:39,309 - root - INFO - 第3次循环结束
2023-05-21 16:17:39,310 - root - INFO - 进程id: 17700
2023-05-21 16:17:44,316 - root - INFO - 第4次循环结束
2023-05-21 16:17:44,316 - root - INFO - 进程id: 17700
2023-05-21 16:17:49,325 - root - INFO - 第5次循环结束
2023-05-21 16:17:49,325 - root - INFO - 进程id: 17700
2023-05-21 16:17:54,329 - root - INFO - 第6次循环结束
2023-05-21 16:17:54,330 - root - INFO - 进程id: 17700
2023-05-21 16:17:59,335 - root - INFO - 第7次循环结束
2023-05-21 16:17:59,335 - root - INFO - 进程id: 17700
2023-05-21 16:18:04,342 - root - INFO - 第8次循环结束
2023-05-21 16:18:04,342 - root - INFO - 进程id: 17700
2023-05-21 16:18:09,357 - root - INFO - 第9次循环结束
2023-05-21 16:18:09,357 - root - INFO - 进程id: 17700
2023-05-21 16:18:14,371 - root - INFO - 第10次循环结束
2023-05-21 16:18:14,372 - root - INFO - 进程id: 17700
2023-05-21 16:18:19,375 - root - INFO - 第11次循环结束
2023-05-21 16:18:19,376 - root - INFO - 进程id: 17700
2023-05-21 16:18:24,385 - root - INFO - 第12次循环结束
2023-05-21 16:18:24,385 - root - INFO - 进程id: 17700
2023-05-21 16:18:29,393 - root - INFO - 第13次循环结束
2023-05-21 16:18:29,393 - root - INFO - 进程id: 17700
2023-05-21 16:18:34,409 - root - INFO - 第14次循环结束
2023-05-21 16:18:34,411 - root - INFO - 进程id: 17700
2023-05-21 16:18:39,426 - root - INFO - 第15次循环结束
2023-05-21 16:18:39,427 - root - INFO - 进程id: 17700
2023-05-21 16:18:44,440 - root - INFO - 第16次循环结束
2023-05-21 16:18:44,440 - root - INFO - 进程id: 17700
2023-05-21 16:18:49,450 - root - INFO - 第17次循环结束
2023-05-21 16:18:49,451 - root - INFO - 进程id: 17700
2023-05-21 16:18:54,461 - root - INFO - 第18次循环结束
2023-05-21 16:18:54,462 - root - INFO - 进程id: 17700
2023-05-21 16:18:59,478 - root - INFO - 第19次循环结束
2023-05-21 16:18:59,479 - root - INFO - 进程id: 17700
2023-05-21 16:19:04,492 - root - INFO - 第20次循环结束
2023-05-21 16:19:04,493 - root - INFO - 进程id: 17700
2023-05-21 16:19:09,498 - root - INFO - 第21次循环结束
2023-05-21 16:19:09,498 - root - INFO - 进程id: 17700
2023-05-21 16:19:14,503 - root - INFO - 第22次循环结束
2023-05-21 16:19:14,504 - root - INFO - 进程id: 17700
2023-05-21 16:19:19,521 - root - INFO - 第23次循环结束
2023-05-21 16:19:19,522 - root - INFO - 进程id: 17700
2023-05-21 16:19:24,533 - root - INFO - 第24次循环结束
2023-05-21 16:19:24,534 - root - INFO - 进程id: 17700
2023-05-21 16:19:29,549 - root - INFO - 第25次循环结束
2023-05-21 16:19:29,549 - root - INFO - 进程id: 17700
2023-05-21 16:19:34,553 - root - INFO - 第26次循环结束
2023-05-21 16:19:34,553 - root - INFO - 进程id: 17700
2023-05-21 16:19:39,561 - root - INFO - 第27次循环结束
2023-05-21 16:19:39,561 - root - INFO - 进程id: 17700
2023-05-21 16:19:44,576 - root - INFO - 第28次循环结束
2023-05-21 16:19:44,576 - root - INFO - 进程id: 17700
2023-05-21 16:19:49,586 - root - INFO - 第29次循环结束
2023-05-21 16:19:49,586 - root - INFO - 进程id: 17700
2023-05-21 16:19:54,592 - root - INFO - 第30次循环结束
2023-05-21 16:19:54,593 - root - INFO - 进程id: 17700
2023-05-21 16:19:59,604 - root - INFO - 第31次循环结束
2023-05-21 16:19:59,605 - root - INFO - 进程id: 17700
2023-05-21 16:20:04,617 - root - INFO - 第32次循环结束
2023-05-21 16:20:04,618 - root - INFO - 进程id: 17700
2023-05-21 16:20:09,626 - root - INFO - 第33次循环结束
2023-05-21 16:20:09,626 - root - INFO - 进程id: 17700
2023-05-21 16:20:14,627 - root - INFO - 第34次循环结束
2023-05-21 16:20:14,627 - root - INFO - 进程id: 17700
2023-05-21 16:20:19,640 - root - INFO - 第35次循环结束
2023-05-21 16:20:19,640 - root - INFO - 进程id: 17700
2023-05-21 16:20:24,649 - root - INFO - 第36次循环结束
2023-05-21 16:20:24,650 - root - INFO - 进程id: 17700
2023-05-21 16:20:29,652 - root - INFO - 第37次循环结束
2023-05-21 16:20:29,652 - root - INFO - 进程id: 17700
2023-05-21 16:20:34,653 - root - INFO - 第38次循环结束
2023-05-21 16:20:34,654 - root - INFO - 进程id: 17700
2023-05-21 16:20:39,661 - root - INFO - 第39次循环结束
2023-05-21 16:20:39,662 - root - INFO - 进程id: 17700
2023-05-21 16:20:44,673 - root - INFO - 第40次循环结束
2023-05-21 16:20:44,674 - root - INFO - 进程id: 17700
2023-05-21 16:20:49,691 - root - INFO - 第41次循环结束
2023-05-21 16:20:49,691 - root - INFO - 进程id: 17700
2023-05-21 16:20:54,708 - root - INFO - 第42次循环结束
2023-05-21 16:20:54,708 - root - INFO - 进程id: 17700
2023-05-21 16:20:59,720 - root - INFO - 第43次循环结束
2023-05-21 16:20:59,720 - root - INFO - 进程id: 17700
2023-05-21 16:21:04,735 - root - INFO - 第44次循环结束
2023-05-21 16:21:04,735 - root - INFO - 进程id: 17700
2023-05-21 16:21:09,737 - root - INFO - 第45次循环结束
2023-05-21 16:21:09,737 - root - INFO - 进程id: 17700
2023-05-21 16:21:14,739 - root - INFO - 第46次循环结束
2023-05-21 16:21:14,739 - root - INFO - 进程id: 17700
2023-05-21 16:21:19,756 - root - INFO - 第47次循环结束
2023-05-21 16:21:19,758 - root - INFO - 进程id: 17700
2023-05-21 16:21:24,767 - root - INFO - 第48次循环结束
2023-05-21 16:21:24,768 - root - INFO - 进程id: 17700
2023-05-21 16:21:29,778 - root - INFO - 第49次循环结束
2023-05-21 16:21:29,779 - root - INFO - 进程id: 17700
2023-05-21 16:21:34,785 - root - INFO - 第50次循环结束
2023-05-21 16:21:34,785 - root - INFO - 进程id: 17700
2023-05-21 16:21:39,790 - root - INFO - 第51次循环结束
2023-05-21 16:21:39,790 - root - INFO - 进程id: 17700
2023-05-21 16:21:44,793 - root - INFO - 第52次循环结束
2023-05-21 16:21:44,794 - root - INFO - 进程id: 17700
2023-05-21 16:21:49,809 - root - INFO - 第53次循环结束
2023-05-21 16:21:49,810 - root - INFO - 进程id: 17700
2023-05-21 16:21:54,812 - root - INFO - 第54次循环结束
2023-05-21 16:21:54,813 - root - INFO - 进程id: 17700
2023-05-21 16:21:59,824 - root - INFO - 第55次循环结束
2023-05-21 16:21:59,824 - root - INFO - 进程id: 17700
2023-05-21 16:22:04,838 - root - INFO - 第56次循环结束
2023-05-21 16:22:04,838 - root - INFO - 进程id: 17700
2023-05-21 16:22:09,844 - root - INFO - 第57次循环结束
2023-05-21 16:22:09,845 - root - INFO - 进程id: 17700
2023-05-21 16:22:14,849 - root - INFO - 第58次循环结束
2023-05-21 16:22:14,850 - root - INFO - 进程id: 17700
2023-05-21 16:22:19,862 - root - INFO - 第59次循环结束
2023-05-21 16:22:19,862 - root - INFO - 进程id: 17700
2023-05-21 16:22:24,864 - root - INFO - 第60次循环结束
2023-05-21 16:22:24,864 - root - INFO - 进程id: 17700
2023-05-21 16:22:24,865 - root - INFO - 退出 process_data_schedule 函数
2023-05-21 16:22:24,865 - root - INFO - process_data_schedule 函数被调用，instant_reply = True
2023-05-21 16:22:29,869 - root - INFO - 第1次循环结束
2023-05-21 16:22:29,869 - root - INFO - 进程id: 17700
2023-05-21 16:22:34,875 - root - INFO - 第2次循环结束
2023-05-21 16:22:34,875 - root - INFO - 进程id: 17700
2023-05-21 16:22:39,889 - root - INFO - 第3次循环结束
2023-05-21 16:22:39,890 - root - INFO - 进程id: 17700
2023-05-21 16:22:44,899 - root - INFO - 第4次循环结束
2023-05-21 16:22:44,899 - root - INFO - 进程id: 17700
2023-05-21 16:22:49,913 - root - INFO - 第5次循环结束
2023-05-21 16:22:49,913 - root - INFO - 进程id: 17700
2023-05-21 16:22:54,928 - root - INFO - 第6次循环结束
2023-05-21 16:22:54,928 - root - INFO - 进程id: 17700
2023-05-21 16:22:59,932 - root - INFO - 第7次循环结束
2023-05-21 16:22:59,932 - root - INFO - 进程id: 17700
2023-05-21 16:23:04,942 - root - INFO - 第8次循环结束
2023-05-21 16:23:04,942 - root - INFO - 进程id: 17700
2023-05-21 16:23:09,946 - root - INFO - 第9次循环结束
2023-05-21 16:23:09,947 - root - INFO - 进程id: 17700
2023-05-21 16:23:14,951 - root - INFO - 第10次循环结束
2023-05-21 16:23:14,951 - root - INFO - 进程id: 17700
2023-05-21 16:23:19,957 - root - INFO - 第11次循环结束
2023-05-21 16:23:19,957 - root - INFO - 进程id: 17700
2023-05-21 16:23:24,970 - root - INFO - 第12次循环结束
2023-05-21 16:23:24,971 - root - INFO - 进程id: 17700
2023-05-21 16:23:29,978 - root - INFO - 第13次循环结束
2023-05-21 16:23:29,978 - root - INFO - 进程id: 17700
2023-05-21 16:23:34,992 - root - INFO - 第14次循环结束
2023-05-21 16:23:34,993 - root - INFO - 进程id: 17700
2023-05-21 16:23:39,999 - root - INFO - 第15次循环结束
2023-05-21 16:23:40,000 - root - INFO - 进程id: 17700
2023-05-21 16:23:45,015 - root - INFO - 第16次循环结束
2023-05-21 16:23:45,015 - root - INFO - 进程id: 17700
2023-05-21 16:23:50,023 - root - INFO - 第17次循环结束
2023-05-21 16:23:50,023 - root - INFO - 进程id: 17700
2023-05-21 16:23:55,028 - root - INFO - 第18次循环结束
2023-05-21 16:23:55,028 - root - INFO - 进程id: 17700
2023-05-21 16:24:00,032 - root - INFO - 第19次循环结束
2023-05-21 16:24:00,032 - root - INFO - 进程id: 17700
2023-05-21 16:24:05,048 - root - INFO - 第20次循环结束
2023-05-21 16:24:05,049 - root - INFO - 进程id: 17700
2023-05-21 16:24:10,053 - root - INFO - 第21次循环结束
2023-05-21 16:24:10,053 - root - INFO - 进程id: 17700
2023-05-21 16:24:15,057 - root - INFO - 第22次循环结束
2023-05-21 16:24:15,058 - root - INFO - 进程id: 17700
2023-05-21 16:24:20,072 - root - INFO - 第23次循环结束
2023-05-21 16:24:20,073 - root - INFO - 进程id: 17700
2023-05-21 16:24:25,081 - root - INFO - 第24次循环结束
2023-05-21 16:24:25,082 - root - INFO - 进程id: 17700
2023-05-21 16:24:30,091 - root - INFO - 第25次循环结束
2023-05-21 16:24:30,091 - root - INFO - 进程id: 17700
2023-05-21 16:24:35,106 - root - INFO - 第26次循环结束
2023-05-21 16:24:35,106 - root - INFO - 进程id: 17700
2023-05-21 16:24:40,110 - root - INFO - 第27次循环结束
2023-05-21 16:24:40,111 - root - INFO - 进程id: 17700
2023-05-21 16:24:45,115 - root - INFO - 第28次循环结束
2023-05-21 16:24:45,115 - root - INFO - 进程id: 17700
2023-05-21 16:24:50,116 - root - INFO - 第29次循环结束
2023-05-21 16:24:50,116 - root - INFO - 进程id: 17700
2023-05-21 16:24:55,121 - root - INFO - 第30次循环结束
2023-05-21 16:24:55,122 - root - INFO - 进程id: 17700
2023-05-21 16:25:00,129 - root - INFO - 第31次循环结束
2023-05-21 16:25:00,129 - root - INFO - 进程id: 17700
2023-05-21 16:25:05,135 - root - INFO - 第32次循环结束
2023-05-21 16:25:05,135 - root - INFO - 进程id: 17700
2023-05-21 16:25:10,141 - root - INFO - 第33次循环结束
2023-05-21 16:25:10,141 - root - INFO - 进程id: 17700
2023-05-21 16:25:15,147 - root - INFO - 第34次循环结束
2023-05-21 16:25:15,148 - root - INFO - 进程id: 17700
2023-05-21 16:25:20,156 - root - INFO - 第35次循环结束
2023-05-21 16:25:20,157 - root - INFO - 进程id: 17700
2023-05-21 16:25:25,167 - root - INFO - 第36次循环结束
2023-05-21 16:25:25,167 - root - INFO - 进程id: 17700
2023-05-21 16:25:30,173 - root - INFO - 第37次循环结束
2023-05-21 16:25:30,174 - root - INFO - 进程id: 17700
2023-05-21 16:25:35,191 - root - INFO - 第38次循环结束
2023-05-21 16:25:35,192 - root - INFO - 进程id: 17700
2023-05-21 16:25:40,203 - root - INFO - 第39次循环结束
2023-05-21 16:25:40,203 - root - INFO - 进程id: 17700
2023-05-21 16:25:45,204 - root - INFO - 第40次循环结束
2023-05-21 16:25:45,204 - root - INFO - 进程id: 17700
2023-05-21 16:25:50,212 - root - INFO - 第41次循环结束
2023-05-21 16:25:50,213 - root - INFO - 进程id: 17700
2023-05-21 16:25:55,228 - root - INFO - 第42次循环结束
2023-05-21 16:25:55,228 - root - INFO - 进程id: 17700
2023-05-21 16:26:00,233 - root - INFO - 第43次循环结束
2023-05-21 16:26:00,233 - root - INFO - 进程id: 17700
2023-05-21 16:26:05,248 - root - INFO - 第44次循环结束
2023-05-21 16:26:05,248 - root - INFO - 进程id: 17700
2023-05-21 16:26:10,259 - root - INFO - 第45次循环结束
2023-05-21 16:26:10,259 - root - INFO - 进程id: 17700
2023-05-21 16:26:15,261 - root - INFO - 第46次循环结束
2023-05-21 16:26:15,262 - root - INFO - 进程id: 17700
2023-05-21 16:26:20,271 - root - INFO - 第47次循环结束
2023-05-21 16:26:20,272 - root - INFO - 进程id: 17700
2023-05-21 16:26:25,290 - root - INFO - 第48次循环结束
2023-05-21 16:26:25,290 - root - INFO - 进程id: 17700
2023-05-21 16:26:30,301 - root - INFO - 第49次循环结束
2023-05-21 16:26:30,302 - root - INFO - 进程id: 17700
2023-05-21 16:26:35,316 - root - INFO - 第50次循环结束
2023-05-21 16:26:35,317 - root - INFO - 进程id: 17700
2023-05-21 16:26:40,329 - root - INFO - 第51次循环结束
2023-05-21 16:26:40,330 - root - INFO - 进程id: 17700
2023-05-21 16:26:45,336 - root - INFO - 第52次循环结束
2023-05-21 16:26:45,336 - root - INFO - 进程id: 17700
2023-05-21 16:26:50,348 - root - INFO - 第53次循环结束
2023-05-21 16:26:50,348 - root - INFO - 进程id: 17700
2023-05-21 16:26:55,359 - root - INFO - 第54次循环结束
2023-05-21 16:26:55,359 - root - INFO - 进程id: 17700
2023-05-21 16:27:00,363 - root - INFO - 第55次循环结束
2023-05-21 16:27:00,364 - root - INFO - 进程id: 17700
2023-05-21 16:27:05,378 - root - INFO - 第56次循环结束
2023-05-21 16:27:05,379 - root - INFO - 进程id: 17700
2023-05-21 16:27:10,392 - root - INFO - 第57次循环结束
2023-05-21 16:27:10,392 - root - INFO - 进程id: 17700
2023-05-21 16:27:15,396 - root - INFO - 第58次循环结束
2023-05-21 16:27:15,397 - root - INFO - 进程id: 17700
2023-05-21 16:27:20,413 - root - INFO - 第59次循环结束
2023-05-21 16:27:20,414 - root - INFO - 进程id: 17700
2023-05-21 16:27:25,430 - root - INFO - 第60次循环结束
2023-05-21 16:27:25,431 - root - INFO - 进程id: 17700
2023-05-21 16:27:25,432 - root - INFO - 退出 process_data_schedule 函数
2023-05-21 16:27:25,432 - root - INFO - process_data_schedule 函数被调用，instant_reply = True
2023-05-21 16:27:30,446 - root - INFO - 第1次循环结束
2023-05-21 16:27:30,446 - root - INFO - 进程id: 17700
2023-05-21 16:27:35,456 - root - INFO - 第2次循环结束
2023-05-21 16:27:35,456 - root - INFO - 进程id: 17700
2023-05-21 16:27:40,461 - root - INFO - 第3次循环结束
2023-05-21 16:27:40,461 - root - INFO - 进程id: 17700
2023-05-21 16:27:45,470 - root - INFO - 第4次循环结束
2023-05-21 16:27:45,470 - root - INFO - 进程id: 17700
2023-05-21 16:27:50,482 - root - INFO - 第5次循环结束
2023-05-21 16:27:50,482 - root - INFO - 进程id: 17700
2023-05-21 16:27:55,490 - root - INFO - 第6次循环结束
2023-05-21 16:27:55,490 - root - INFO - 进程id: 17700
2023-05-21 16:28:00,495 - root - INFO - 第7次循环结束
2023-05-21 16:28:00,495 - root - INFO - 进程id: 17700
2023-05-21 16:28:05,506 - root - INFO - 第8次循环结束
2023-05-21 16:28:05,506 - root - INFO - 进程id: 17700
2023-05-21 16:28:10,512 - root - INFO - 第9次循环结束
2023-05-21 16:28:10,512 - root - INFO - 进程id: 17700
2023-05-21 16:28:15,517 - root - INFO - 第10次循环结束
2023-05-21 16:28:15,517 - root - INFO - 进程id: 17700
2023-05-21 16:28:20,522 - root - INFO - 第11次循环结束
2023-05-21 16:28:20,522 - root - INFO - 进程id: 17700
2023-05-21 16:28:25,531 - root - INFO - 第12次循环结束
2023-05-21 16:28:25,531 - root - INFO - 进程id: 17700
2023-05-21 16:28:30,546 - root - INFO - 第13次循环结束
2023-05-21 16:28:30,546 - root - INFO - 进程id: 17700
2023-05-21 16:28:35,547 - root - INFO - 第14次循环结束
2023-05-21 16:28:35,547 - root - INFO - 进程id: 17700
2023-05-21 16:28:40,556 - root - INFO - 第15次循环结束
2023-05-21 16:28:40,556 - root - INFO - 进程id: 17700
2023-05-21 16:28:45,560 - root - INFO - 第16次循环结束
2023-05-21 16:28:45,560 - root - INFO - 进程id: 17700
2023-05-21 16:28:50,573 - root - INFO - 第17次循环结束
2023-05-21 16:28:50,573 - root - INFO - 进程id: 17700
2023-05-21 16:28:55,588 - root - INFO - 第18次循环结束
2023-05-21 16:28:55,588 - root - INFO - 进程id: 17700
2023-05-21 16:29:00,589 - root - INFO - 第19次循环结束
2023-05-21 16:29:00,589 - root - INFO - 进程id: 17700
2023-05-21 16:29:05,599 - root - INFO - 第20次循环结束
2023-05-21 16:29:05,600 - root - INFO - 进程id: 17700
2023-05-21 16:29:10,613 - root - INFO - 第21次循环结束
2023-05-21 16:29:10,613 - root - INFO - 进程id: 17700
2023-05-21 16:29:15,613 - root - INFO - 第22次循环结束
2023-05-21 16:29:15,613 - root - INFO - 进程id: 17700
2023-05-21 16:29:20,616 - root - INFO - 第23次循环结束
2023-05-21 16:29:20,616 - root - INFO - 进程id: 17700
2023-05-21 16:29:25,622 - root - INFO - 第24次循环结束
2023-05-21 16:29:25,623 - root - INFO - 进程id: 17700
2023-05-21 16:29:30,628 - root - INFO - 第25次循环结束
2023-05-21 16:29:30,628 - root - INFO - 进程id: 17700
2023-05-21 16:29:35,641 - root - INFO - 第26次循环结束
2023-05-21 16:29:35,641 - root - INFO - 进程id: 17700
2023-05-21 16:29:40,650 - root - INFO - 第27次循环结束
2023-05-21 16:29:40,650 - root - INFO - 进程id: 17700
2023-05-21 16:29:45,654 - root - INFO - 第28次循环结束
2023-05-21 16:29:45,654 - root - INFO - 进程id: 17700
2023-05-21 16:29:50,658 - root - INFO - 第29次循环结束
2023-05-21 16:29:50,658 - root - INFO - 进程id: 17700
2023-05-21 16:29:55,670 - root - INFO - 第30次循环结束
2023-05-21 16:29:55,670 - root - INFO - 进程id: 17700
2023-05-21 16:30:00,685 - root - INFO - 第31次循环结束
2023-05-21 16:30:00,685 - root - INFO - 进程id: 17700
2023-05-21 16:30:05,686 - root - INFO - 第32次循环结束
2023-05-21 16:30:05,686 - root - INFO - 进程id: 17700
2023-05-21 16:30:10,696 - root - INFO - 第33次循环结束
2023-05-21 16:30:10,696 - root - INFO - 进程id: 17700
2023-05-21 16:30:15,708 - root - INFO - 第34次循环结束
2023-05-21 16:30:15,708 - root - INFO - 进程id: 17700
2023-05-21 16:30:20,718 - root - INFO - 第35次循环结束
2023-05-21 16:30:20,718 - root - INFO - 进程id: 17700
2023-05-21 16:30:25,732 - root - INFO - 第36次循环结束
2023-05-21 16:30:25,732 - root - INFO - 进程id: 17700
2023-05-21 16:30:30,743 - root - INFO - 第37次循环结束
2023-05-21 16:30:30,745 - root - INFO - 进程id: 17700
2023-05-21 16:30:35,752 - root - INFO - 第38次循环结束
2023-05-21 16:30:35,752 - root - INFO - 进程id: 17700
2023-05-21 16:30:40,762 - root - INFO - 第39次循环结束
2023-05-21 16:30:40,762 - root - INFO - 进程id: 17700
2023-05-21 16:30:45,763 - root - INFO - 第40次循环结束
2023-05-21 16:30:45,764 - root - INFO - 进程id: 17700
2023-05-21 16:30:50,770 - root - INFO - 第41次循环结束
2023-05-21 16:30:50,770 - root - INFO - 进程id: 17700
2023-05-21 16:30:55,777 - root - INFO - 第42次循环结束
2023-05-21 16:30:55,777 - root - INFO - 进程id: 17700
2023-05-21 16:31:00,783 - root - INFO - 第43次循环结束
2023-05-21 16:31:00,783 - root - INFO - 进程id: 17700
2023-05-21 16:31:05,785 - root - INFO - 第44次循环结束
2023-05-21 16:31:05,785 - root - INFO - 进程id: 17700
2023-05-21 16:31:10,798 - root - INFO - 第45次循环结束
2023-05-21 16:31:10,798 - root - INFO - 进程id: 17700
2023-05-21 16:31:15,799 - root - INFO - 第46次循环结束
2023-05-21 16:31:15,799 - root - INFO - 进程id: 17700
2023-05-21 16:31:20,812 - root - INFO - 第47次循环结束
2023-05-21 16:31:20,813 - root - INFO - 进程id: 17700
2023-05-21 16:31:25,818 - root - INFO - 第48次循环结束
2023-05-21 16:31:25,818 - root - INFO - 进程id: 17700
2023-05-21 16:31:30,833 - root - INFO - 第49次循环结束
2023-05-21 16:31:30,833 - root - INFO - 进程id: 17700
2023-05-21 16:31:35,842 - root - INFO - 第50次循环结束
2023-05-21 16:31:35,843 - root - INFO - 进程id: 17700
2023-05-21 16:31:40,846 - root - INFO - 第51次循环结束
2023-05-21 16:31:40,846 - root - INFO - 进程id: 17700
2023-05-21 16:31:45,858 - root - INFO - 第52次循环结束
2023-05-21 16:31:45,858 - root - INFO - 进程id: 17700
2023-05-21 16:31:50,863 - root - INFO - 第53次循环结束
2023-05-21 16:31:50,863 - root - INFO - 进程id: 17700
2023-05-21 16:31:55,876 - root - INFO - 第54次循环结束
2023-05-21 16:31:55,877 - root - INFO - 进程id: 17700
2023-05-21 16:32:00,892 - root - INFO - 第55次循环结束
2023-05-21 16:32:00,893 - root - INFO - 进程id: 17700
2023-05-21 16:32:05,906 - root - INFO - 第56次循环结束
2023-05-21 16:32:05,906 - root - INFO - 进程id: 17700
2023-05-21 16:32:10,921 - root - INFO - 第57次循环结束
2023-05-21 16:32:10,921 - root - INFO - 进程id: 17700
2023-05-21 16:32:15,925 - root - INFO - 第58次循环结束
2023-05-21 16:32:15,926 - root - INFO - 进程id: 17700
2023-05-21 16:32:20,932 - root - INFO - 第59次循环结束
2023-05-21 16:32:20,932 - root - INFO - 进程id: 17700
2023-05-21 16:32:25,940 - root - INFO - 第60次循环结束
2023-05-21 16:32:25,940 - root - INFO - 进程id: 17700
2023-05-21 16:32:25,941 - root - INFO - 退出 process_data_schedule 函数
2023-05-21 16:32:25,941 - root - INFO - process_data_schedule 函数被调用，instant_reply = True
2023-05-21 16:32:30,955 - root - INFO - 第1次循环结束
2023-05-21 16:32:30,955 - root - INFO - 进程id: 17700
2023-05-21 16:32:35,962 - root - INFO - 第2次循环结束
2023-05-21 16:32:35,963 - root - INFO - 进程id: 17700
2023-05-21 16:32:40,974 - root - INFO - 第3次循环结束
2023-05-21 16:32:40,974 - root - INFO - 进程id: 17700
2023-05-21 16:32:45,978 - root - INFO - 第4次循环结束
2023-05-21 16:32:45,979 - root - INFO - 进程id: 17700
2023-05-21 16:32:50,984 - root - INFO - 第5次循环结束
2023-05-21 16:32:50,984 - root - INFO - 进程id: 17700
2023-05-21 16:32:55,992 - root - INFO - 第6次循环结束
2023-05-21 16:32:55,993 - root - INFO - 进程id: 17700
2023-05-21 16:33:01,005 - root - INFO - 第7次循环结束
2023-05-21 16:33:01,006 - root - INFO - 进程id: 17700
2023-05-21 16:33:06,013 - root - INFO - 第8次循环结束
2023-05-21 16:33:06,014 - root - INFO - 进程id: 17700
2023-05-21 16:33:11,025 - root - INFO - 第9次循环结束
2023-05-21 16:33:11,025 - root - INFO - 进程id: 17700
2023-05-21 16:33:16,038 - root - INFO - 第10次循环结束
2023-05-21 16:33:16,038 - root - INFO - 进程id: 17700
2023-05-21 16:33:21,041 - root - INFO - 第11次循环结束
2023-05-21 16:33:21,041 - root - INFO - 进程id: 17700
2023-05-21 16:33:26,055 - root - INFO - 第12次循环结束
2023-05-21 16:33:26,055 - root - INFO - 进程id: 17700
2023-05-21 16:33:31,063 - root - INFO - 第13次循环结束
2023-05-21 16:33:31,063 - root - INFO - 进程id: 17700
2023-05-21 16:33:36,078 - root - INFO - 第14次循环结束
2023-05-21 16:33:36,079 - root - INFO - 进程id: 17700
2023-05-21 16:33:41,088 - root - INFO - 第15次循环结束
2023-05-21 16:33:41,088 - root - INFO - 进程id: 17700
2023-05-21 16:33:46,097 - root - INFO - 第16次循环结束
2023-05-21 16:33:46,097 - root - INFO - 进程id: 17700
2023-05-21 16:33:51,110 - root - INFO - 第17次循环结束
2023-05-21 16:33:51,110 - root - INFO - 进程id: 17700
2023-05-21 16:33:56,113 - root - INFO - 第18次循环结束
2023-05-21 16:33:56,113 - root - INFO - 进程id: 17700
2023-05-21 16:34:01,130 - root - INFO - 第19次循环结束
2023-05-21 16:34:01,130 - root - INFO - 进程id: 17700
2023-05-21 16:34:06,147 - root - INFO - 第20次循环结束
2023-05-21 16:34:06,148 - root - INFO - 进程id: 17700
2023-05-21 16:34:11,165 - root - INFO - 第21次循环结束
2023-05-21 16:34:11,165 - root - INFO - 进程id: 17700
2023-05-21 16:34:16,167 - root - INFO - 第22次循环结束
2023-05-21 16:34:16,167 - root - INFO - 进程id: 17700
2023-05-21 16:34:21,176 - root - INFO - 第23次循环结束
2023-05-21 16:34:21,176 - root - INFO - 进程id: 17700
2023-05-21 16:34:26,189 - root - INFO - 第24次循环结束
2023-05-21 16:34:26,189 - root - INFO - 进程id: 17700
2023-05-21 16:34:31,198 - root - INFO - 第25次循环结束
2023-05-21 16:34:31,199 - root - INFO - 进程id: 17700
2023-05-21 16:34:36,200 - root - INFO - 第26次循环结束
2023-05-21 16:34:36,200 - root - INFO - 进程id: 17700
2023-05-21 16:34:41,214 - root - INFO - 第27次循环结束
2023-05-21 16:34:41,214 - root - INFO - 进程id: 17700
2023-05-21 16:34:46,227 - root - INFO - 第28次循环结束
2023-05-21 16:34:46,227 - root - INFO - 进程id: 17700
2023-05-21 16:34:51,244 - root - INFO - 第29次循环结束
2023-05-21 16:34:51,244 - root - INFO - 进程id: 17700
2023-05-21 16:34:56,246 - root - INFO - 第30次循环结束
2023-05-21 16:34:56,246 - root - INFO - 进程id: 17700
2023-05-21 16:35:01,255 - root - INFO - 第31次循环结束
2023-05-21 16:35:01,255 - root - INFO - 进程id: 17700
2023-05-21 16:35:06,268 - root - INFO - 第32次循环结束
2023-05-21 16:35:06,268 - root - INFO - 进程id: 17700
2023-05-21 16:35:11,272 - root - INFO - 第33次循环结束
2023-05-21 16:35:11,272 - root - INFO - 进程id: 17700
2023-05-21 16:35:16,279 - root - INFO - 第34次循环结束
2023-05-21 16:35:16,279 - root - INFO - 进程id: 17700
2023-05-21 16:35:21,286 - root - INFO - 第35次循环结束
2023-05-21 16:35:21,287 - root - INFO - 进程id: 17700
2023-05-21 16:35:26,290 - root - INFO - 第36次循环结束
2023-05-21 16:35:26,290 - root - INFO - 进程id: 17700
2023-05-21 16:35:31,298 - root - INFO - 第37次循环结束
2023-05-21 16:35:31,298 - root - INFO - 进程id: 17700
2023-05-21 16:35:36,307 - root - INFO - 第38次循环结束
2023-05-21 16:35:36,307 - root - INFO - 进程id: 17700
2023-05-21 16:35:41,321 - root - INFO - 第39次循环结束
2023-05-21 16:35:41,321 - root - INFO - 进程id: 17700
2023-05-21 16:35:46,328 - root - INFO - 第40次循环结束
2023-05-21 16:35:46,328 - root - INFO - 进程id: 17700
2023-05-21 16:35:51,336 - root - INFO - 第41次循环结束
2023-05-21 16:35:51,336 - root - INFO - 进程id: 17700
2023-05-21 16:35:56,338 - root - INFO - 第42次循环结束
2023-05-21 16:35:56,338 - root - INFO - 进程id: 17700
2023-05-21 16:36:01,345 - root - INFO - 第43次循环结束
2023-05-21 16:36:01,345 - root - INFO - 进程id: 17700
2023-05-21 16:36:06,347 - root - INFO - 第44次循环结束
2023-05-21 16:36:06,347 - root - INFO - 进程id: 17700
2023-05-21 16:36:11,359 - root - INFO - 第45次循环结束
2023-05-21 16:36:11,359 - root - INFO - 进程id: 17700
2023-05-21 16:36:16,368 - root - INFO - 第46次循环结束
2023-05-21 16:36:16,368 - root - INFO - 进程id: 17700
2023-05-21 16:36:21,374 - root - INFO - 第47次循环结束
2023-05-21 16:36:21,374 - root - INFO - 进程id: 17700
2023-05-21 16:36:26,383 - root - INFO - 第48次循环结束
2023-05-21 16:36:26,384 - root - INFO - 进程id: 17700
2023-05-21 16:36:31,392 - root - INFO - 第49次循环结束
2023-05-21 16:36:31,392 - root - INFO - 进程id: 17700
2023-05-21 16:36:36,402 - root - INFO - 第50次循环结束
2023-05-21 16:36:36,403 - root - INFO - 进程id: 17700
2023-05-21 16:36:41,418 - root - INFO - 第51次循环结束
2023-05-21 16:36:41,418 - root - INFO - 进程id: 17700
2023-05-21 16:36:46,427 - root - INFO - 第52次循环结束
2023-05-21 16:36:46,427 - root - INFO - 进程id: 17700
2023-05-21 16:36:51,440 - root - INFO - 第53次循环结束
2023-05-21 16:36:51,441 - root - INFO - 进程id: 17700
2023-05-21 16:36:56,455 - root - INFO - 第54次循环结束
2023-05-21 16:36:56,455 - root - INFO - 进程id: 17700
2023-05-21 16:37:01,470 - root - INFO - 第55次循环结束
2023-05-21 16:37:01,471 - root - INFO - 进程id: 17700
2023-05-21 16:37:06,479 - root - INFO - 第56次循环结束
2023-05-21 16:37:06,480 - root - INFO - 进程id: 17700
2023-05-21 16:37:11,490 - root - INFO - 第57次循环结束
2023-05-21 16:37:11,490 - root - INFO - 进程id: 17700
2023-05-21 16:37:16,492 - root - INFO - 第58次循环结束
2023-05-21 16:37:16,492 - root - INFO - 进程id: 17700
2023-05-21 16:37:21,506 - root - INFO - 第59次循环结束
2023-05-21 16:37:21,506 - root - INFO - 进程id: 17700
2023-05-21 16:37:26,519 - root - INFO - 第60次循环结束
2023-05-21 16:37:26,519 - root - INFO - 进程id: 17700
2023-05-21 16:37:26,519 - root - INFO - 退出 process_data_schedule 函数
2023-05-21 16:37:26,519 - root - INFO - process_data_schedule 函数被调用，instant_reply = True
2023-05-21 16:37:31,522 - root - INFO - 第1次循环结束
2023-05-21 16:37:31,522 - root - INFO - 进程id: 17700
2023-05-21 16:37:36,524 - root - INFO - 第2次循环结束
2023-05-21 16:37:36,525 - root - INFO - 进程id: 17700
2023-05-21 16:37:41,529 - root - INFO - 第3次循环结束
2023-05-21 16:37:41,530 - root - INFO - 进程id: 17700
2023-05-21 16:37:46,544 - root - INFO - 第4次循环结束
2023-05-21 16:37:46,544 - root - INFO - 进程id: 17700
2023-05-21 16:37:51,555 - root - INFO - 第5次循环结束
2023-05-21 16:37:51,556 - root - INFO - 进程id: 17700
2023-05-21 16:37:56,564 - root - INFO - 第6次循环结束
2023-05-21 16:37:56,564 - root - INFO - 进程id: 17700
2023-05-21 16:38:01,580 - root - INFO - 第7次循环结束
2023-05-21 16:38:01,580 - root - INFO - 进程id: 17700
2023-05-21 16:38:06,592 - root - INFO - 第8次循环结束
2023-05-21 16:38:06,593 - root - INFO - 进程id: 17700
2023-05-21 16:38:11,596 - root - INFO - 第9次循环结束
2023-05-21 16:38:11,596 - root - INFO - 进程id: 17700
2023-05-21 16:38:16,610 - root - INFO - 第10次循环结束
2023-05-21 16:38:16,610 - root - INFO - 进程id: 17700
2023-05-21 16:38:21,611 - root - INFO - 第11次循环结束
2023-05-21 16:38:21,611 - root - INFO - 进程id: 17700
2023-05-21 16:38:26,617 - root - INFO - 第12次循环结束
2023-05-21 16:38:26,617 - root - INFO - 进程id: 17700
2023-05-21 16:38:31,629 - root - INFO - 第13次循环结束
2023-05-21 16:38:31,629 - root - INFO - 进程id: 17700
2023-05-21 16:38:36,637 - root - INFO - 第14次循环结束
2023-05-21 16:38:36,638 - root - INFO - 进程id: 17700
2023-05-21 16:38:41,644 - root - INFO - 第15次循环结束
2023-05-21 16:38:41,645 - root - INFO - 进程id: 17700
2023-05-21 16:38:46,654 - root - INFO - 第16次循环结束
2023-05-21 16:38:46,654 - root - INFO - 进程id: 17700
2023-05-21 16:38:51,668 - root - INFO - 第17次循环结束
2023-05-21 16:38:51,668 - root - INFO - 进程id: 17700
2023-05-21 16:38:56,672 - root - INFO - 第18次循环结束
2023-05-21 16:38:56,673 - root - INFO - 进程id: 17700
2023-05-21 16:39:01,676 - root - INFO - 第19次循环结束
2023-05-21 16:39:01,676 - root - INFO - 进程id: 17700
2023-05-21 16:39:06,690 - root - INFO - 第20次循环结束
2023-05-21 16:39:06,691 - root - INFO - 进程id: 17700
2023-05-21 16:39:11,699 - root - INFO - 第21次循环结束
2023-05-21 16:39:11,699 - root - INFO - 进程id: 17700
2023-05-21 16:39:16,703 - root - INFO - 第22次循环结束
2023-05-21 16:39:16,703 - root - INFO - 进程id: 17700
2023-05-21 16:39:21,711 - root - INFO - 第23次循环结束
2023-05-21 16:39:21,711 - root - INFO - 进程id: 17700
2023-05-21 16:39:26,718 - root - INFO - 第24次循环结束
2023-05-21 16:39:26,718 - root - INFO - 进程id: 17700
2023-05-21 16:39:31,731 - root - INFO - 第25次循环结束
2023-05-21 16:39:31,731 - root - INFO - 进程id: 17700
2023-05-21 16:39:36,739 - root - INFO - 第26次循环结束
2023-05-21 16:39:36,739 - root - INFO - 进程id: 17700
2023-05-21 16:39:41,756 - root - INFO - 第27次循环结束
2023-05-21 16:39:41,756 - root - INFO - 进程id: 17700
2023-05-21 16:39:46,765 - root - INFO - 第28次循环结束
2023-05-21 16:39:46,765 - root - INFO - 进程id: 17700
2023-05-21 16:39:51,781 - root - INFO - 第29次循环结束
2023-05-21 16:39:51,781 - root - INFO - 进程id: 17700
2023-05-21 16:39:56,794 - root - INFO - 第30次循环结束
2023-05-21 16:39:56,794 - root - INFO - 进程id: 17700
2023-05-21 16:40:01,804 - root - INFO - 第31次循环结束
2023-05-21 16:40:01,804 - root - INFO - 进程id: 17700
2023-05-21 16:40:06,812 - root - INFO - 第32次循环结束
2023-05-21 16:40:06,813 - root - INFO - 进程id: 17700
2023-05-21 16:40:11,829 - root - INFO - 第33次循环结束
2023-05-21 16:40:11,829 - root - INFO - 进程id: 17700
2023-05-21 16:40:16,833 - root - INFO - 第34次循环结束
2023-05-21 16:40:16,833 - root - INFO - 进程id: 17700
2023-05-21 16:40:21,849 - root - INFO - 第35次循环结束
2023-05-21 16:40:21,850 - root - INFO - 进程id: 17700
2023-05-21 16:40:26,860 - root - INFO - 第36次循环结束
2023-05-21 16:40:26,861 - root - INFO - 进程id: 17700
2023-05-21 16:40:31,876 - root - INFO - 第37次循环结束
2023-05-21 16:40:31,876 - root - INFO - 进程id: 17700
2023-05-21 16:40:36,885 - root - INFO - 第38次循环结束
2023-05-21 16:40:36,885 - root - INFO - 进程id: 17700
2023-05-21 16:40:41,895 - root - INFO - 第39次循环结束
2023-05-21 16:40:41,895 - root - INFO - 进程id: 17700
2023-05-21 16:40:46,906 - root - INFO - 第40次循环结束
2023-05-21 16:40:46,906 - root - INFO - 进程id: 17700
2023-05-21 16:40:51,910 - root - INFO - 第41次循环结束
2023-05-21 16:40:51,910 - root - INFO - 进程id: 17700
2023-05-21 16:40:56,926 - root - INFO - 第42次循环结束
2023-05-21 16:40:56,926 - root - INFO - 进程id: 17700
2023-05-21 16:41:01,934 - root - INFO - 第43次循环结束
2023-05-21 16:41:01,934 - root - INFO - 进程id: 17700
2023-05-21 16:41:06,938 - root - INFO - 第44次循环结束
2023-05-21 16:41:06,938 - root - INFO - 进程id: 17700
2023-05-21 16:41:11,941 - root - INFO - 第45次循环结束
2023-05-21 16:41:11,941 - root - INFO - 进程id: 17700
2023-05-21 16:41:16,956 - root - INFO - 第46次循环结束
2023-05-21 16:41:16,956 - root - INFO - 进程id: 17700
2023-05-21 16:41:21,961 - root - INFO - 第47次循环结束
2023-05-21 16:41:21,961 - root - INFO - 进程id: 17700
2023-05-21 16:41:26,974 - root - INFO - 第48次循环结束
2023-05-21 16:41:26,974 - root - INFO - 进程id: 17700
2023-05-21 16:41:31,984 - root - INFO - 第49次循环结束
2023-05-21 16:41:31,984 - root - INFO - 进程id: 17700
2023-05-21 16:41:36,997 - root - INFO - 第50次循环结束
2023-05-21 16:41:36,997 - root - INFO - 进程id: 17700
2023-05-21 16:41:42,001 - root - INFO - 第51次循环结束
2023-05-21 16:41:42,002 - root - INFO - 进程id: 17700
2023-05-21 16:41:47,003 - root - INFO - 第52次循环结束
2023-05-21 16:41:47,004 - root - INFO - 进程id: 17700
2023-05-21 16:41:52,012 - root - INFO - 第53次循环结束
2023-05-21 16:41:52,012 - root - INFO - 进程id: 17700
2023-05-21 16:41:57,023 - root - INFO - 第54次循环结束
2023-05-21 16:41:57,023 - root - INFO - 进程id: 17700
2023-05-21 16:42:02,039 - root - INFO - 第55次循环结束
2023-05-21 16:42:02,039 - root - INFO - 进程id: 17700
2023-05-21 16:42:07,049 - root - INFO - 第56次循环结束
2023-05-21 16:42:07,049 - root - INFO - 进程id: 17700
2023-05-21 16:42:12,052 - root - INFO - 第57次循环结束
2023-05-21 16:42:12,052 - root - INFO - 进程id: 17700
2023-05-21 16:42:17,058 - root - INFO - 第58次循环结束
2023-05-21 16:42:17,058 - root - INFO - 进程id: 17700
2023-05-21 16:42:22,064 - root - INFO - 第59次循环结束
2023-05-21 16:42:22,064 - root - INFO - 进程id: 17700
2023-05-21 16:42:27,070 - root - INFO - 第60次循环结束
2023-05-21 16:42:27,071 - root - INFO - 进程id: 17700
2023-05-21 16:42:27,071 - root - INFO - 退出 process_data_schedule 函数
2023-05-21 16:42:27,072 - root - INFO - process_data_schedule 函数被调用，instant_reply = True
2023-05-21 16:42:32,080 - root - INFO - 第1次循环结束
2023-05-21 16:42:32,080 - root - INFO - 进程id: 17700
2023-05-21 16:42:37,094 - root - INFO - 第2次循环结束
2023-05-21 16:42:37,094 - root - INFO - 进程id: 17700
2023-05-21 16:42:42,104 - root - INFO - 第3次循环结束
2023-05-21 16:42:42,104 - root - INFO - 进程id: 17700
2023-05-21 16:42:47,120 - root - INFO - 第4次循环结束
2023-05-21 16:42:47,120 - root - INFO - 进程id: 17700
2023-05-21 16:42:52,131 - root - INFO - 第5次循环结束
2023-05-21 16:42:52,132 - root - INFO - 进程id: 17700
2023-05-21 16:42:57,142 - root - INFO - 第6次循环结束
2023-05-21 16:42:57,142 - root - INFO - 进程id: 17700
2023-05-21 16:43:02,149 - root - INFO - 第7次循环结束
2023-05-21 16:43:02,149 - root - INFO - 进程id: 17700
2023-05-21 16:43:07,160 - root - INFO - 第8次循环结束
2023-05-21 16:43:07,160 - root - INFO - 进程id: 17700
2023-05-21 16:43:12,166 - root - INFO - 第9次循环结束
2023-05-21 16:43:12,166 - root - INFO - 进程id: 17700
2023-05-21 16:43:17,167 - root - INFO - 第10次循环结束
2023-05-21 16:43:17,167 - root - INFO - 进程id: 17700
2023-05-21 16:43:22,182 - root - INFO - 第11次循环结束
2023-05-21 16:43:22,183 - root - INFO - 进程id: 17700
2023-05-21 16:43:27,191 - root - INFO - 第12次循环结束
2023-05-21 16:43:27,191 - root - INFO - 进程id: 17700
2023-05-21 16:43:32,207 - root - INFO - 第13次循环结束
2023-05-21 16:43:32,207 - root - INFO - 进程id: 17700
2023-05-21 16:43:37,222 - root - INFO - 第14次循环结束
2023-05-21 16:43:37,222 - root - INFO - 进程id: 17700
2023-05-21 16:43:42,232 - root - INFO - 第15次循环结束
2023-05-21 16:43:42,232 - root - INFO - 进程id: 17700
2023-05-21 16:43:47,237 - root - INFO - 第16次循环结束
2023-05-21 16:43:47,237 - root - INFO - 进程id: 17700
2023-05-21 16:43:52,242 - root - INFO - 第17次循环结束
2023-05-21 16:43:52,243 - root - INFO - 进程id: 17700
2023-05-21 16:43:57,247 - root - INFO - 第18次循环结束
2023-05-21 16:43:57,247 - root - INFO - 进程id: 17700
2023-05-21 16:44:02,255 - root - INFO - 第19次循环结束
2023-05-21 16:44:02,255 - root - INFO - 进程id: 17700
2023-05-21 16:44:07,263 - root - INFO - 第20次循环结束
2023-05-21 16:44:07,263 - root - INFO - 进程id: 17700
2023-05-21 16:44:12,280 - root - INFO - 第21次循环结束
2023-05-21 16:44:12,280 - root - INFO - 进程id: 17700
2023-05-21 16:44:17,294 - root - INFO - 第22次循环结束
2023-05-21 16:44:17,294 - root - INFO - 进程id: 17700
2023-05-21 16:44:22,310 - root - INFO - 第23次循环结束
2023-05-21 16:44:22,310 - root - INFO - 进程id: 17700
2023-05-21 16:44:27,314 - root - INFO - 第24次循环结束
2023-05-21 16:44:27,314 - root - INFO - 进程id: 17700
2023-05-21 16:44:32,329 - root - INFO - 第25次循环结束
2023-05-21 16:44:32,330 - root - INFO - 进程id: 17700
2023-05-21 16:44:37,340 - root - INFO - 第26次循环结束
2023-05-21 16:44:37,340 - root - INFO - 进程id: 17700
2023-05-21 16:44:42,346 - root - INFO - 第27次循环结束
2023-05-21 16:44:42,346 - root - INFO - 进程id: 17700
2023-05-21 16:44:47,350 - root - INFO - 第28次循环结束
2023-05-21 16:44:47,350 - root - INFO - 进程id: 17700
2023-05-21 16:44:52,361 - root - INFO - 第29次循环结束
2023-05-21 16:44:52,362 - root - INFO - 进程id: 17700
2023-05-21 16:44:57,367 - root - INFO - 第30次循环结束
2023-05-21 16:44:57,367 - root - INFO - 进程id: 17700
2023-05-21 16:45:02,379 - root - INFO - 第31次循环结束
2023-05-21 16:45:02,379 - root - INFO - 进程id: 17700
2023-05-21 16:45:07,394 - root - INFO - 第32次循环结束
2023-05-21 16:45:07,394 - root - INFO - 进程id: 17700
2023-05-21 16:45:12,409 - root - INFO - 第33次循环结束
2023-05-21 16:45:12,409 - root - INFO - 进程id: 17700
2023-05-21 16:45:17,410 - root - INFO - 第34次循环结束
2023-05-21 16:45:17,410 - root - INFO - 进程id: 17700
2023-05-21 16:45:22,424 - root - INFO - 第35次循环结束
2023-05-21 16:45:22,424 - root - INFO - 进程id: 17700
2023-05-21 16:45:27,439 - root - INFO - 第36次循环结束
2023-05-21 16:45:27,439 - root - INFO - 进程id: 17700
2023-05-21 16:45:32,455 - root - INFO - 第37次循环结束
2023-05-21 16:45:32,456 - root - INFO - 进程id: 17700
2023-05-21 16:45:37,458 - root - INFO - 第38次循环结束
2023-05-21 16:45:37,458 - root - INFO - 进程id: 17700
2023-05-21 16:45:42,465 - root - INFO - 第39次循环结束
2023-05-21 16:45:42,465 - root - INFO - 进程id: 17700
2023-05-21 16:45:47,477 - root - INFO - 第40次循环结束
2023-05-21 16:45:47,477 - root - INFO - 进程id: 17700
2023-05-21 16:45:52,480 - root - INFO - 第41次循环结束
2023-05-21 16:45:52,480 - root - INFO - 进程id: 17700
2023-05-21 16:45:57,487 - root - INFO - 第42次循环结束
2023-05-21 16:45:57,487 - root - INFO - 进程id: 17700
2023-05-21 16:46:02,499 - root - INFO - 第43次循环结束
2023-05-21 16:46:02,499 - root - INFO - 进程id: 17700
2023-05-21 16:46:07,503 - root - INFO - 第44次循环结束
2023-05-21 16:46:07,503 - root - INFO - 进程id: 17700
2023-05-21 16:46:12,507 - root - INFO - 第45次循环结束
2023-05-21 16:46:12,508 - root - INFO - 进程id: 17700
2023-05-21 16:46:17,512 - root - INFO - 第46次循环结束
2023-05-21 16:46:17,512 - root - INFO - 进程id: 17700
2023-05-21 16:46:22,514 - root - INFO - 第47次循环结束
2023-05-21 16:46:22,514 - root - INFO - 进程id: 17700
2023-05-21 16:46:27,530 - root - INFO - 第48次循环结束
2023-05-21 16:46:27,531 - root - INFO - 进程id: 17700
2023-05-21 16:46:32,534 - root - INFO - 第49次循环结束
2023-05-21 16:46:32,535 - root - INFO - 进程id: 17700
2023-05-21 16:46:37,552 - root - INFO - 第50次循环结束
2023-05-21 16:46:37,553 - root - INFO - 进程id: 17700
2023-05-21 16:46:42,566 - root - INFO - 第51次循环结束
2023-05-21 16:46:42,567 - root - INFO - 进程id: 17700
2023-05-21 16:46:47,578 - root - INFO - 第52次循环结束
2023-05-21 16:46:47,579 - root - INFO - 进程id: 17700
2023-05-21 16:46:52,589 - root - INFO - 第53次循环结束
2023-05-21 16:46:52,590 - root - INFO - 进程id: 17700
2023-05-21 16:46:57,599 - root - INFO - 第54次循环结束
2023-05-21 16:46:57,599 - root - INFO - 进程id: 17700
2023-05-21 16:47:02,608 - root - INFO - 第55次循环结束
2023-05-21 16:47:02,609 - root - INFO - 进程id: 17700
2023-05-21 16:47:07,624 - root - INFO - 第56次循环结束
2023-05-21 16:47:07,625 - root - INFO - 进程id: 17700
2023-05-21 16:47:12,627 - root - INFO - 第57次循环结束
2023-05-21 16:47:12,628 - root - INFO - 进程id: 17700
2023-05-21 16:47:17,643 - root - INFO - 第58次循环结束
2023-05-21 16:47:17,644 - root - INFO - 进程id: 17700
2023-05-21 16:47:22,656 - root - INFO - 第59次循环结束
2023-05-21 16:47:22,656 - root - INFO - 进程id: 17700
2023-05-21 16:47:27,666 - root - INFO - 第60次循环结束
2023-05-21 16:47:27,667 - root - INFO - 进程id: 17700
2023-05-21 16:47:27,667 - root - INFO - 退出 process_data_schedule 函数
2023-05-21 16:47:27,667 - root - INFO - process_data_schedule 函数被调用，instant_reply = True
2023-05-21 16:47:32,683 - root - INFO - 第1次循环结束
2023-05-21 16:47:32,684 - root - INFO - 进程id: 17700
2023-05-21 16:47:37,695 - root - INFO - 第2次循环结束
2023-05-21 16:47:37,695 - root - INFO - 进程id: 17700
2023-05-21 16:47:42,703 - root - INFO - 第3次循环结束
2023-05-21 16:47:42,705 - root - INFO - 进程id: 17700
2023-05-21 16:47:47,716 - root - INFO - 第4次循环结束
2023-05-21 16:47:47,716 - root - INFO - 进程id: 17700
2023-05-21 16:47:52,725 - root - INFO - 第5次循环结束
2023-05-21 16:47:52,726 - root - INFO - 进程id: 17700
2023-05-21 16:47:57,739 - root - INFO - 第6次循环结束
2023-05-21 16:47:57,739 - root - INFO - 进程id: 17700
2023-05-21 16:48:02,744 - root - INFO - 第7次循环结束
2023-05-21 16:48:02,745 - root - INFO - 进程id: 17700
2023-05-21 16:48:07,761 - root - INFO - 第8次循环结束
2023-05-21 16:48:07,761 - root - INFO - 进程id: 17700
2023-05-21 16:48:12,768 - root - INFO - 第9次循环结束
2023-05-21 16:48:12,768 - root - INFO - 进程id: 17700
2023-05-21 16:48:17,783 - root - INFO - 第10次循环结束
2023-05-21 16:48:17,784 - root - INFO - 进程id: 17700
2023-05-21 16:48:22,790 - root - INFO - 第11次循环结束
2023-05-21 16:48:22,791 - root - INFO - 进程id: 17700
2023-05-21 16:48:27,059 - root - INFO - hello, logger, start logs
2023-05-21 16:48:27,800 - root - INFO - 第12次循环结束
2023-05-21 16:48:27,800 - root - INFO - 进程id: 17700
2023-05-21 16:48:28,179 - root - INFO - hello, logger, start logs
2023-05-21 16:48:28,182 - root - INFO - process_data_schedule 函数被调用，instant_reply = True
2023-05-21 16:48:32,802 - root - INFO - 第13次循环结束
2023-05-21 16:48:32,802 - root - INFO - 进程id: 17700
2023-05-21 16:48:33,209 - root - INFO - 第1次循环结束
2023-05-21 16:48:33,213 - root - INFO - 进程id: 5888
2023-05-21 16:48:37,807 - root - INFO - 第14次循环结束
2023-05-21 16:48:37,807 - root - INFO - 进程id: 17700
2023-05-21 16:48:38,230 - root - INFO - 第2次循环结束
2023-05-21 16:48:38,232 - root - INFO - 进程id: 5888
2023-05-21 16:48:42,816 - root - INFO - 第15次循环结束
2023-05-21 16:48:42,816 - root - INFO - 进程id: 17700
2023-05-21 16:48:43,239 - root - INFO - 第3次循环结束
2023-05-21 16:48:43,241 - root - INFO - 进程id: 5888
2023-05-21 16:48:47,822 - root - INFO - 第16次循环结束
2023-05-21 16:48:47,822 - root - INFO - 进程id: 17700
2023-05-21 16:48:48,242 - root - INFO - 第4次循环结束
2023-05-21 16:48:48,243 - root - INFO - 进程id: 5888
2023-05-21 16:48:52,837 - root - INFO - 第17次循环结束
2023-05-21 16:48:52,838 - root - INFO - 进程id: 17700
2023-05-21 16:48:53,245 - root - INFO - 第5次循环结束
2023-05-21 16:48:53,248 - root - INFO - 进程id: 5888
2023-05-21 16:48:57,853 - root - INFO - 第18次循环结束
2023-05-21 16:48:57,854 - root - INFO - 进程id: 17700
2023-05-21 16:48:58,264 - root - INFO - 第6次循环结束
2023-05-21 16:48:58,268 - root - INFO - 进程id: 5888
2023-05-21 16:49:02,862 - root - INFO - 第19次循环结束
2023-05-21 16:49:02,862 - root - INFO - 进程id: 17700
2023-05-21 16:49:03,270 - root - INFO - 第7次循环结束
2023-05-21 16:49:03,272 - root - INFO - 进程id: 5888
2023-05-21 16:49:07,864 - root - INFO - 第20次循环结束
2023-05-21 16:49:07,864 - root - INFO - 进程id: 17700
2023-05-21 16:49:08,287 - root - INFO - 第8次循环结束
2023-05-21 16:49:08,290 - root - INFO - 进程id: 5888
2023-05-21 16:49:12,869 - root - INFO - 第21次循环结束
2023-05-21 16:49:12,870 - root - INFO - 进程id: 17700
2023-05-21 16:49:13,295 - root - INFO - 第9次循环结束
2023-05-21 16:49:13,296 - root - INFO - 进程id: 5888
2023-05-21 16:49:17,875 - root - INFO - 第22次循环结束
2023-05-21 16:49:17,876 - root - INFO - 进程id: 17700
2023-05-21 16:49:18,297 - root - INFO - 第10次循环结束
2023-05-21 16:49:18,299 - root - INFO - 进程id: 5888
2023-05-21 16:49:22,893 - root - INFO - 第23次循环结束
2023-05-21 16:49:22,894 - root - INFO - 进程id: 17700
2023-05-21 16:49:23,303 - root - INFO - 第11次循环结束
2023-05-21 16:49:23,305 - root - INFO - 进程id: 5888
2023-05-21 16:49:27,899 - root - INFO - 第24次循环结束
2023-05-21 16:49:27,899 - root - INFO - 进程id: 17700
2023-05-21 16:49:28,309 - root - INFO - 第12次循环结束
2023-05-21 16:49:28,310 - root - INFO - 进程id: 5888
2023-05-21 16:49:32,912 - root - INFO - 第25次循环结束
2023-05-21 16:49:32,913 - root - INFO - 进程id: 17700
2023-05-21 16:49:33,320 - root - INFO - 第13次循环结束
2023-05-21 16:49:33,324 - root - INFO - 进程id: 5888
2023-05-21 16:49:37,916 - root - INFO - 第26次循环结束
2023-05-21 16:49:37,916 - root - INFO - 进程id: 17700
2023-05-21 16:49:38,337 - root - INFO - 第14次循环结束
2023-05-21 16:49:38,340 - root - INFO - 进程id: 5888
2023-05-21 16:49:42,930 - root - INFO - 第27次循环结束
2023-05-21 16:49:42,930 - root - INFO - 进程id: 17700
2023-05-21 16:49:43,355 - root - INFO - 第15次循环结束
2023-05-21 16:49:43,356 - root - INFO - 进程id: 5888
2023-05-21 16:49:47,938 - root - INFO - 第28次循环结束
2023-05-21 16:49:47,939 - root - INFO - 进程id: 17700
2023-05-21 16:49:48,360 - root - INFO - 第16次循环结束
2023-05-21 16:49:48,362 - root - INFO - 进程id: 5888
2023-05-21 16:49:52,940 - root - INFO - 第29次循环结束
2023-05-21 16:49:52,940 - root - INFO - 进程id: 17700
2023-05-21 16:49:53,364 - root - INFO - 第17次循环结束
2023-05-21 16:49:53,367 - root - INFO - 进程id: 5888
2023-05-21 16:49:57,950 - root - INFO - 第30次循环结束
2023-05-21 16:49:57,950 - root - INFO - 进程id: 17700
2023-05-21 16:49:58,376 - root - INFO - 第18次循环结束
2023-05-21 16:49:58,381 - root - INFO - 进程id: 5888
2023-05-21 16:50:02,959 - root - INFO - 第31次循环结束
2023-05-21 16:50:02,960 - root - INFO - 进程id: 17700
2023-05-21 16:50:03,385 - root - INFO - 第19次循环结束
2023-05-21 16:50:03,388 - root - INFO - 进程id: 5888
2023-05-21 16:50:07,973 - root - INFO - 第32次循环结束
2023-05-21 16:50:07,973 - root - INFO - 进程id: 17700
2023-05-21 16:50:08,398 - root - INFO - 第20次循环结束
2023-05-21 16:50:08,401 - root - INFO - 进程id: 5888
2023-05-21 16:50:12,987 - root - INFO - 第33次循环结束
2023-05-21 16:50:12,988 - root - INFO - 进程id: 17700
2023-05-21 16:50:13,412 - root - INFO - 第21次循环结束
2023-05-21 16:50:13,417 - root - INFO - 进程id: 5888
2023-05-21 16:50:17,991 - root - INFO - 第34次循环结束
2023-05-21 16:50:17,992 - root - INFO - 进程id: 17700
2023-05-21 16:50:18,431 - root - INFO - 第22次循环结束
2023-05-21 16:50:18,433 - root - INFO - 进程id: 5888
2023-05-21 16:50:23,009 - root - INFO - 第35次循环结束
2023-05-21 16:50:23,010 - root - INFO - 进程id: 17700
2023-05-21 16:50:23,450 - root - INFO - 第23次循环结束
2023-05-21 16:50:23,454 - root - INFO - 进程id: 5888
2023-05-21 16:50:28,023 - root - INFO - 第36次循环结束
2023-05-21 16:50:28,023 - root - INFO - 进程id: 17700
2023-05-21 16:50:28,463 - root - INFO - 第24次循环结束
2023-05-21 16:50:28,464 - root - INFO - 进程id: 5888
2023-05-21 16:50:33,026 - root - INFO - 第37次循环结束
2023-05-21 16:50:33,027 - root - INFO - 进程id: 17700
2023-05-21 16:50:33,468 - root - INFO - 第25次循环结束
2023-05-21 16:50:33,474 - root - INFO - 进程id: 5888
2023-05-21 16:50:38,044 - root - INFO - 第38次循环结束
2023-05-21 16:50:38,045 - root - INFO - 进程id: 17700
2023-05-21 16:50:38,483 - root - INFO - 第26次循环结束
2023-05-21 16:50:38,485 - root - INFO - 进程id: 5888
2023-05-21 16:50:43,055 - root - INFO - 第39次循环结束
2023-05-21 16:50:43,055 - root - INFO - 进程id: 17700
2023-05-21 16:50:43,496 - root - INFO - 第27次循环结束
2023-05-21 16:50:43,497 - root - INFO - 进程id: 5888
2023-05-21 16:50:48,071 - root - INFO - 第40次循环结束
2023-05-21 16:50:48,071 - root - INFO - 进程id: 17700
2023-05-21 16:50:48,510 - root - INFO - 第28次循环结束
2023-05-21 16:50:48,514 - root - INFO - 进程id: 5888
2023-05-21 16:50:53,083 - root - INFO - 第41次循环结束
2023-05-21 16:50:53,083 - root - INFO - 进程id: 17700
2023-05-21 16:50:53,526 - root - INFO - 第29次循环结束
2023-05-21 16:50:53,527 - root - INFO - 进程id: 5888
2023-05-21 16:50:58,098 - root - INFO - 第42次循环结束
2023-05-21 16:50:58,099 - root - INFO - 进程id: 17700
2023-05-21 16:50:58,534 - root - INFO - 第30次循环结束
2023-05-21 16:50:58,538 - root - INFO - 进程id: 5888
2023-05-21 16:51:03,115 - root - INFO - 第43次循环结束
2023-05-21 16:51:03,116 - root - INFO - 进程id: 17700
2023-05-21 16:51:03,552 - root - INFO - 第31次循环结束
2023-05-21 16:51:03,555 - root - INFO - 进程id: 5888
2023-05-21 16:51:08,121 - root - INFO - 第44次循环结束
2023-05-21 16:51:08,122 - root - INFO - 进程id: 17700
2023-05-21 16:51:08,566 - root - INFO - 第32次循环结束
2023-05-21 16:51:08,569 - root - INFO - 进程id: 5888
2023-05-21 16:51:13,128 - root - INFO - 第45次循环结束
2023-05-21 16:51:13,128 - root - INFO - 进程id: 17700
2023-05-21 16:51:13,582 - root - INFO - 第33次循环结束
2023-05-21 16:51:13,585 - root - INFO - 进程id: 5888
2023-05-21 16:51:18,144 - root - INFO - 第46次循环结束
2023-05-21 16:51:18,145 - root - INFO - 进程id: 17700
2023-05-21 16:51:18,600 - root - INFO - 第34次循环结束
2023-05-21 16:51:18,603 - root - INFO - 进程id: 5888
2023-05-21 16:51:23,154 - root - INFO - 第47次循环结束
2023-05-21 16:51:23,155 - root - INFO - 进程id: 17700
2023-05-21 16:51:23,606 - root - INFO - 第35次循环结束
2023-05-21 16:51:23,609 - root - INFO - 进程id: 5888
2023-05-21 16:51:28,171 - root - INFO - 第48次循环结束
2023-05-21 16:51:28,171 - root - INFO - 进程id: 17700
2023-05-21 16:51:28,613 - root - INFO - 第36次循环结束
2023-05-21 16:51:28,615 - root - INFO - 进程id: 5888
2023-05-21 16:51:33,174 - root - INFO - 第49次循环结束
2023-05-21 16:51:33,175 - root - INFO - 进程id: 17700
2023-05-21 16:51:33,630 - root - INFO - 第37次循环结束
2023-05-21 16:51:33,633 - root - INFO - 进程id: 5888
2023-05-21 16:51:38,189 - root - INFO - 第50次循环结束
2023-05-21 16:51:38,189 - root - INFO - 进程id: 17700
2023-05-21 16:51:38,643 - root - INFO - 第38次循环结束
2023-05-21 16:51:38,646 - root - INFO - 进程id: 5888
2023-05-21 16:51:43,197 - root - INFO - 第51次循环结束
2023-05-21 16:51:43,197 - root - INFO - 进程id: 17700
2023-05-21 16:51:43,653 - root - INFO - 第39次循环结束
2023-05-21 16:51:43,657 - root - INFO - 进程id: 5888
2023-05-21 16:51:48,204 - root - INFO - 第52次循环结束
2023-05-21 16:51:48,205 - root - INFO - 进程id: 17700
2023-05-21 16:51:48,661 - root - INFO - 第40次循环结束
2023-05-21 16:51:48,664 - root - INFO - 进程id: 5888
2023-05-21 16:51:53,214 - root - INFO - 第53次循环结束
2023-05-21 16:51:53,214 - root - INFO - 进程id: 17700
2023-05-21 16:51:53,667 - root - INFO - 第41次循环结束
2023-05-21 16:51:53,670 - root - INFO - 进程id: 5888
2023-05-21 16:51:58,216 - root - INFO - 第54次循环结束
2023-05-21 16:51:58,217 - root - INFO - 进程id: 17700
2023-05-21 16:51:58,687 - root - INFO - 第42次循环结束
2023-05-21 16:51:58,690 - root - INFO - 进程id: 5888
2023-05-21 16:52:03,222 - root - INFO - 第55次循环结束
2023-05-21 16:52:03,222 - root - INFO - 进程id: 17700
2023-05-21 16:52:03,706 - root - INFO - 第43次循环结束
2023-05-21 16:52:03,709 - root - INFO - 进程id: 5888
2023-05-21 16:52:08,232 - root - INFO - 第56次循环结束
2023-05-21 16:52:08,233 - root - INFO - 进程id: 17700
2023-05-21 16:52:08,721 - root - INFO - 第44次循环结束
2023-05-21 16:52:08,724 - root - INFO - 进程id: 5888
2023-05-21 16:52:13,247 - root - INFO - 第57次循环结束
2023-05-21 16:52:13,248 - root - INFO - 进程id: 17700
2023-05-21 16:52:13,734 - root - INFO - 第45次循环结束
2023-05-21 16:52:13,737 - root - INFO - 进程id: 5888
2023-05-21 16:52:18,261 - root - INFO - 第58次循环结束
2023-05-21 16:52:18,262 - root - INFO - 进程id: 17700
2023-05-21 16:52:18,749 - root - INFO - 第46次循环结束
2023-05-21 16:52:18,751 - root - INFO - 进程id: 5888
2023-05-21 16:52:23,278 - root - INFO - 第59次循环结束
2023-05-21 16:52:23,279 - root - INFO - 进程id: 17700
2023-05-21 16:52:23,766 - root - INFO - 第47次循环结束
2023-05-21 16:52:23,767 - root - INFO - 进程id: 5888
2023-05-21 16:52:28,293 - root - INFO - 第60次循环结束
2023-05-21 16:52:28,293 - root - INFO - 进程id: 17700
2023-05-21 16:52:28,293 - root - INFO - 退出 process_data_schedule 函数
2023-05-21 16:52:28,293 - root - INFO - process_data_schedule 函数被调用，instant_reply = True
2023-05-21 16:52:28,770 - root - INFO - 第48次循环结束
2023-05-21 16:52:28,772 - root - INFO - 进程id: 5888
2023-05-21 16:52:33,307 - root - INFO - 第1次循环结束
2023-05-21 16:52:33,308 - root - INFO - 进程id: 17700
2023-05-21 16:52:33,780 - root - INFO - 第49次循环结束
2023-05-21 16:52:33,784 - root - INFO - 进程id: 5888
2023-05-21 16:52:38,325 - root - INFO - 第2次循环结束
2023-05-21 16:52:38,325 - root - INFO - 进程id: 17700
2023-05-21 16:52:38,801 - root - INFO - 第50次循环结束
2023-05-21 16:52:38,802 - root - INFO - 进程id: 5888
2023-05-21 16:52:43,328 - root - INFO - 第3次循环结束
2023-05-21 16:52:43,329 - root - INFO - 进程id: 17700
2023-05-21 16:52:43,816 - root - INFO - 第51次循环结束
2023-05-21 16:52:43,818 - root - INFO - 进程id: 5888
2023-05-21 16:52:48,340 - root - INFO - 第4次循环结束
2023-05-21 16:52:48,340 - root - INFO - 进程id: 17700
2023-05-21 16:52:48,831 - root - INFO - 第52次循环结束
2023-05-21 16:52:48,832 - root - INFO - 进程id: 5888
2023-05-21 16:52:53,347 - root - INFO - 第5次循环结束
2023-05-21 16:52:53,348 - root - INFO - 进程id: 17700
2023-05-21 16:52:53,839 - root - INFO - 第53次循环结束
2023-05-21 16:52:53,842 - root - INFO - 进程id: 5888
2023-05-21 16:52:58,356 - root - INFO - 第6次循环结束
2023-05-21 16:52:58,357 - root - INFO - 进程id: 17700
2023-05-21 16:52:58,858 - root - INFO - 第54次循环结束
2023-05-21 16:52:58,859 - root - INFO - 进程id: 5888
2023-05-21 16:53:03,364 - root - INFO - 第7次循环结束
2023-05-21 16:53:03,364 - root - INFO - 进程id: 17700
2023-05-21 16:53:03,867 - root - INFO - 第55次循环结束
2023-05-21 16:53:03,869 - root - INFO - 进程id: 5888
2023-05-21 16:53:08,370 - root - INFO - 第8次循环结束
2023-05-21 16:53:08,370 - root - INFO - 进程id: 17700
2023-05-21 16:53:08,874 - root - INFO - 第56次循环结束
2023-05-21 16:53:08,875 - root - INFO - 进程id: 5888
2023-05-21 16:53:13,380 - root - INFO - 第9次循环结束
2023-05-21 16:53:13,381 - root - INFO - 进程id: 17700
2023-05-21 16:53:13,886 - root - INFO - 第57次循环结束
2023-05-21 16:53:13,887 - root - INFO - 进程id: 5888
2023-05-21 16:53:18,396 - root - INFO - 第10次循环结束
2023-05-21 16:53:18,396 - root - INFO - 进程id: 17700
2023-05-21 16:53:18,899 - root - INFO - 第58次循环结束
2023-05-21 16:53:18,901 - root - INFO - 进程id: 5888
2023-05-21 16:53:23,403 - root - INFO - 第11次循环结束
2023-05-21 16:53:23,404 - root - INFO - 进程id: 17700
2023-05-21 16:53:23,904 - root - INFO - 第59次循环结束
2023-05-21 16:53:23,905 - root - INFO - 进程id: 5888
2023-05-21 16:53:28,407 - root - INFO - 第12次循环结束
2023-05-21 16:53:28,407 - root - INFO - 进程id: 17700
2023-05-21 16:53:28,909 - root - INFO - 第60次循环结束
2023-05-21 16:53:28,911 - root - INFO - 进程id: 5888
2023-05-21 16:53:28,912 - root - INFO - 退出 process_data_schedule 函数
2023-05-21 16:53:28,914 - root - INFO - process_data_schedule 函数被调用，instant_reply = True
2023-05-21 16:53:33,412 - root - INFO - 第13次循环结束
2023-05-21 16:53:33,412 - root - INFO - 进程id: 17700
2023-05-21 16:53:33,917 - root - INFO - 第1次循环结束
2023-05-21 16:53:33,919 - root - INFO - 进程id: 5888
2023-05-21 16:53:38,429 - root - INFO - 第14次循环结束
2023-05-21 16:53:38,429 - root - INFO - 进程id: 17700
2023-05-21 16:53:38,929 - root - INFO - 第2次循环结束
2023-05-21 16:53:38,932 - root - INFO - 进程id: 5888
2023-05-21 16:53:43,441 - root - INFO - 第15次循环结束
2023-05-21 16:53:43,441 - root - INFO - 进程id: 17700
2023-05-21 16:53:43,945 - root - INFO - 第3次循环结束
2023-05-21 16:53:43,946 - root - INFO - 进程id: 5888
